[debug] [2024-01-30T02:51:17.465Z] ----------------------------------------------------------------------
[debug] [2024-01-30T02:51:17.466Z] Command:       /usr/local/bin/node /usr/local/bin/firebase deploy --only functions
[debug] [2024-01-30T02:51:17.467Z] CLI Version:   13.0.3
[debug] [2024-01-30T02:51:17.467Z] Platform:      darwin
[debug] [2024-01-30T02:51:17.467Z] Node Version:  v18.17.1
[debug] [2024-01-30T02:51:17.471Z] Time:          Mon Jan 29 2024 21:51:17 GMT-0500 (Eastern Standard Time)
[debug] [2024-01-30T02:51:17.471Z] ----------------------------------------------------------------------
[debug] 
[debug] [2024-01-30T02:51:17.504Z] > command requires scopes: ["email","openid","https://www.googleapis.com/auth/cloudplatformprojects.readonly","https://www.googleapis.com/auth/firebase","https://www.googleapis.com/auth/cloud-platform"]
[debug] [2024-01-30T02:51:17.504Z] > authorizing via signed-in user (robertm3lendez@gmail.com)
[debug] [2024-01-30T02:51:17.504Z] [iam] checking project ayuda-b2079 for permissions ["cloudfunctions.functions.create","cloudfunctions.functions.delete","cloudfunctions.functions.get","cloudfunctions.functions.list","cloudfunctions.functions.update","cloudfunctions.operations.get","firebase.projects.get"]
[debug] [2024-01-30T02:51:17.505Z] >>> [apiv2][query] POST https://cloudresourcemanager.googleapis.com/v1/projects/ayuda-b2079:testIamPermissions [none]
[debug] [2024-01-30T02:51:17.505Z] >>> [apiv2][(partial)header] POST https://cloudresourcemanager.googleapis.com/v1/projects/ayuda-b2079:testIamPermissions x-goog-quota-user=projects/ayuda-b2079
[debug] [2024-01-30T02:51:17.505Z] >>> [apiv2][body] POST https://cloudresourcemanager.googleapis.com/v1/projects/ayuda-b2079:testIamPermissions {"permissions":["cloudfunctions.functions.create","cloudfunctions.functions.delete","cloudfunctions.functions.get","cloudfunctions.functions.list","cloudfunctions.functions.update","cloudfunctions.operations.get","firebase.projects.get"]}
[debug] [2024-01-30T02:51:17.814Z] <<< [apiv2][status] POST https://cloudresourcemanager.googleapis.com/v1/projects/ayuda-b2079:testIamPermissions 200
[debug] [2024-01-30T02:51:17.815Z] <<< [apiv2][body] POST https://cloudresourcemanager.googleapis.com/v1/projects/ayuda-b2079:testIamPermissions {"permissions":["cloudfunctions.functions.create","cloudfunctions.functions.delete","cloudfunctions.functions.get","cloudfunctions.functions.list","cloudfunctions.functions.update","cloudfunctions.operations.get","firebase.projects.get"]}
[debug] [2024-01-30T02:51:17.816Z] >>> [apiv2][query] POST https://iam.googleapis.com/v1/projects/ayuda-b2079/serviceAccounts/ayuda-b2079@appspot.gserviceaccount.com:testIamPermissions [none]
[debug] [2024-01-30T02:51:17.816Z] >>> [apiv2][body] POST https://iam.googleapis.com/v1/projects/ayuda-b2079/serviceAccounts/ayuda-b2079@appspot.gserviceaccount.com:testIamPermissions {"permissions":["iam.serviceAccounts.actAs"]}
[debug] [2024-01-30T02:51:18.062Z] <<< [apiv2][status] POST https://iam.googleapis.com/v1/projects/ayuda-b2079/serviceAccounts/ayuda-b2079@appspot.gserviceaccount.com:testIamPermissions 200
[debug] [2024-01-30T02:51:18.063Z] <<< [apiv2][body] POST https://iam.googleapis.com/v1/projects/ayuda-b2079/serviceAccounts/ayuda-b2079@appspot.gserviceaccount.com:testIamPermissions {"permissions":["iam.serviceAccounts.actAs"]}
[info] 
[info] === Deploying to 'ayuda-b2079'...
[info] 
[info] i  deploying functions 
[info] Running command: npm --prefix "$RESOURCE_DIR" run build
[info] ✔  functions: Finished running predeploy script. 
[debug] [2024-01-30T02:51:21.986Z] >>> [apiv2][query] GET https://firebase.googleapis.com/v1beta1/projects/ayuda-b2079 [none]
[debug] [2024-01-30T02:51:22.275Z] <<< [apiv2][status] GET https://firebase.googleapis.com/v1beta1/projects/ayuda-b2079 200
[debug] [2024-01-30T02:51:22.276Z] <<< [apiv2][body] GET https://firebase.googleapis.com/v1beta1/projects/ayuda-b2079 {"projectId":"ayuda-b2079","projectNumber":"164845165625","displayName":"ayuda","name":"projects/ayuda-b2079","resources":{"hostingSite":"ayuda-b2079","realtimeDatabaseInstance":"ayuda-b2079","storageBucket":"ayuda-b2079.appspot.com","locationId":"us-central"},"state":"ACTIVE","etag":"1_bae4d6d6-fe94-4125-9151-b79de4a1be61"}
[info] i  functions: preparing codebase default for deployment 
[info] i  functions: ensuring required API cloudfunctions.googleapis.com is enabled... 
[info] i  functions: ensuring required API cloudbuild.googleapis.com is enabled... 
[info] i  artifactregistry: ensuring required API artifactregistry.googleapis.com is enabled... 
[debug] [2024-01-30T02:51:22.278Z] >>> [apiv2][query] GET https://serviceusage.googleapis.com/v1/projects/ayuda-b2079/services/cloudfunctions.googleapis.com [none]
[debug] [2024-01-30T02:51:22.278Z] >>> [apiv2][(partial)header] GET https://serviceusage.googleapis.com/v1/projects/ayuda-b2079/services/cloudfunctions.googleapis.com x-goog-quota-user=projects/ayuda-b2079
[debug] [2024-01-30T02:51:22.280Z] >>> [apiv2][query] GET https://serviceusage.googleapis.com/v1/projects/ayuda-b2079/services/runtimeconfig.googleapis.com [none]
[debug] [2024-01-30T02:51:22.280Z] >>> [apiv2][(partial)header] GET https://serviceusage.googleapis.com/v1/projects/ayuda-b2079/services/runtimeconfig.googleapis.com x-goog-quota-user=projects/ayuda-b2079
[debug] [2024-01-30T02:51:22.281Z] >>> [apiv2][query] GET https://serviceusage.googleapis.com/v1/projects/ayuda-b2079/services/cloudbuild.googleapis.com [none]
[debug] [2024-01-30T02:51:22.282Z] >>> [apiv2][(partial)header] GET https://serviceusage.googleapis.com/v1/projects/ayuda-b2079/services/cloudbuild.googleapis.com x-goog-quota-user=projects/ayuda-b2079
[debug] [2024-01-30T02:51:22.283Z] >>> [apiv2][query] GET https://serviceusage.googleapis.com/v1/projects/ayuda-b2079/services/artifactregistry.googleapis.com [none]
[debug] [2024-01-30T02:51:22.283Z] >>> [apiv2][(partial)header] GET https://serviceusage.googleapis.com/v1/projects/ayuda-b2079/services/artifactregistry.googleapis.com x-goog-quota-user=projects/ayuda-b2079
[debug] [2024-01-30T02:51:22.696Z] <<< [apiv2][status] GET https://serviceusage.googleapis.com/v1/projects/ayuda-b2079/services/artifactregistry.googleapis.com 200
[debug] [2024-01-30T02:51:22.696Z] <<< [apiv2][body] GET https://serviceusage.googleapis.com/v1/projects/ayuda-b2079/services/artifactregistry.googleapis.com [omitted]
[info] ✔  artifactregistry: required API artifactregistry.googleapis.com is enabled 
[debug] [2024-01-30T02:51:22.698Z] <<< [apiv2][status] GET https://serviceusage.googleapis.com/v1/projects/ayuda-b2079/services/cloudfunctions.googleapis.com 200
[debug] [2024-01-30T02:51:22.698Z] <<< [apiv2][body] GET https://serviceusage.googleapis.com/v1/projects/ayuda-b2079/services/cloudfunctions.googleapis.com [omitted]
[info] ✔  functions: required API cloudfunctions.googleapis.com is enabled 
[debug] [2024-01-30T02:51:22.699Z] <<< [apiv2][status] GET https://serviceusage.googleapis.com/v1/projects/ayuda-b2079/services/cloudbuild.googleapis.com 200
[debug] [2024-01-30T02:51:22.700Z] <<< [apiv2][body] GET https://serviceusage.googleapis.com/v1/projects/ayuda-b2079/services/cloudbuild.googleapis.com [omitted]
[info] ✔  functions: required API cloudbuild.googleapis.com is enabled 
[debug] [2024-01-30T02:51:22.790Z] <<< [apiv2][status] GET https://serviceusage.googleapis.com/v1/projects/ayuda-b2079/services/runtimeconfig.googleapis.com 200
[debug] [2024-01-30T02:51:22.791Z] <<< [apiv2][body] GET https://serviceusage.googleapis.com/v1/projects/ayuda-b2079/services/runtimeconfig.googleapis.com [omitted]
[debug] [2024-01-30T02:51:22.791Z] >>> [apiv2][query] GET https://firebase.googleapis.com/v1beta1/projects/ayuda-b2079/adminSdkConfig [none]
[debug] [2024-01-30T02:51:23.309Z] <<< [apiv2][status] GET https://firebase.googleapis.com/v1beta1/projects/ayuda-b2079/adminSdkConfig 200
[debug] [2024-01-30T02:51:23.309Z] <<< [apiv2][body] GET https://firebase.googleapis.com/v1beta1/projects/ayuda-b2079/adminSdkConfig {"projectId":"ayuda-b2079","databaseURL":"https://ayuda-b2079.firebaseio.com","storageBucket":"ayuda-b2079.appspot.com","locationId":"us-central"}
[debug] [2024-01-30T02:51:23.310Z] >>> [apiv2][query] GET https://runtimeconfig.googleapis.com/v1beta1/projects/ayuda-b2079/configs [none]
[debug] [2024-01-30T02:51:23.561Z] <<< [apiv2][status] GET https://runtimeconfig.googleapis.com/v1beta1/projects/ayuda-b2079/configs 200
[debug] [2024-01-30T02:51:23.561Z] <<< [apiv2][body] GET https://runtimeconfig.googleapis.com/v1beta1/projects/ayuda-b2079/configs {}
[debug] [2024-01-30T02:51:23.564Z] Validating nodejs source
[warn] ⚠  functions: package.json indicates an outdated version of firebase-functions. Please upgrade using npm install --save firebase-functions@latest in your functions directory. 
[debug] [2024-01-30T02:51:23.932Z] > [functions] package.json contents: {
  "name": "functions",
  "scripts": {
    "build": "tsc",
    "build:watch": "tsc --watch",
    "serve": "npm run build && firebase emulators:start --only functions",
    "shell": "npm run build && firebase functions:shell",
    "start": "npm run shell",
    "deploy": "firebase deploy --only functions",
    "logs": "firebase functions:log"
  },
  "engines": {
    "node": "18"
  },
  "main": "lib/index.js",
  "dependencies": {
    "@react-email/components": "^0.0.7",
    "@react-email/tailwind": "^0.0.9",
    "dotenv": "^16.3.1",
    "expo-server-sdk": "^3.7.0",
    "firebase-admin": "^11.8.0",
    "firebase-functions": "^4.6.0",
    "moment": "^2.29.4",
    "resend": "^1.1.0"
  },
  "devDependencies": {
    "firebase-functions-test": "^3.1.0",
    "typescript": "^4.9.0"
  },
  "private": true
}
[debug] [2024-01-30T02:51:23.932Z] Building nodejs source
[info] i  functions: Loading and analyzing source code for codebase default to determine what to deploy 
[debug] [2024-01-30T02:51:23.933Z] Could not find functions.yaml. Must use http discovery
[debug] [2024-01-30T02:51:23.938Z] Found firebase-functions binary at '/Users/melendez/Desktop/dvw/functions/node_modules/.bin/firebase-functions'
[info] Serving at port 8452

[debug] [2024-01-30T02:51:25.295Z] Got response from /__/functions.yaml {"endpoints":{"deleleAccount":{"availableMemoryMb":null,"timeoutSeconds":null,"minInstances":null,"maxInstances":null,"ingressSettings":null,"concurrency":null,"serviceAccountEmail":null,"vpc":null,"platform":"gcfv2","labels":{},"callableTrigger":{},"entryPoint":"deleleAccount"},"sendIntroductionEmail":{"availableMemoryMb":null,"timeoutSeconds":null,"minInstances":null,"maxInstances":null,"ingressSettings":null,"concurrency":null,"serviceAccountEmail":null,"vpc":null,"platform":"gcfv2","labels":{},"callableTrigger":{},"entryPoint":"sendIntroductionEmail"},"sendEmail":{"availableMemoryMb":null,"timeoutSeconds":null,"minInstances":null,"maxInstances":null,"ingressSettings":null,"concurrency":null,"serviceAccountEmail":null,"vpc":null,"platform":"gcfv2","labels":{},"callableTrigger":{},"entryPoint":"sendEmail"},"sendNewMessageNotification":{"availableMemoryMb":null,"timeoutSeconds":null,"minInstances":null,"maxInstances":null,"ingressSettings":null,"concurrency":null,"serviceAccountEmail":null,"vpc":null,"platform":"gcfv2","labels":{},"eventTrigger":{"eventType":"google.cloud.firestore.document.v1.created","eventFilters":{"database":"(default)","namespace":"(default)"},"eventFilterPathPatterns":{"document":"messages/{messageId}"},"retry":false},"entryPoint":"sendNewMessageNotification"},"sendNewPostNotification":{"availableMemoryMb":null,"timeoutSeconds":null,"minInstances":null,"maxInstances":null,"ingressSettings":null,"concurrency":null,"serviceAccountEmail":null,"vpc":null,"platform":"gcfv2","labels":{},"eventTrigger":{"eventType":"google.cloud.firestore.document.v1.created","eventFilters":{"database":"(default)","namespace":"(default)"},"eventFilterPathPatterns":{"document":"quotes/{quoteId}"},"retry":false},"entryPoint":"sendNewPostNotification"},"sendCloseEmail":{"availableMemoryMb":null,"timeoutSeconds":null,"minInstances":null,"maxInstances":null,"ingressSettings":null,"concurrency":null,"serviceAccountEmail":null,"vpc":null,"platform":"gcfv2","labels":{},"eventTrigger":{"eventType":"google.cloud.firestore.document.v1.written","eventFilters":{"database":"(default)","namespace":"(default)"},"eventFilterPathPatterns":{"document":"referrals/{userId}/referrals/{referralId}"},"retry":false},"entryPoint":"sendCloseEmail"}},"specVersion":"v1alpha1","requiredAPIs":[]}
[info] shutdown requested via /__/quitquitquit

[info] i  functions: Loaded environment variables from .env. 
[info] i  functions: preparing functions directory for uploading... 
[info] i  functions: packaged /Users/melendez/Desktop/dvw/functions (124.38 KB) for uploading 
[debug] [2024-01-30T02:51:25.354Z] >>> [apiv2][query] GET https://cloudfunctions.googleapis.com/v1/projects/ayuda-b2079/locations/-/functions [none]
[debug] [2024-01-30T02:51:25.905Z] <<< [apiv2][status] GET https://cloudfunctions.googleapis.com/v1/projects/ayuda-b2079/locations/-/functions 200
[debug] [2024-01-30T02:51:25.906Z] <<< [apiv2][body] GET https://cloudfunctions.googleapis.com/v1/projects/ayuda-b2079/locations/-/functions {}
[debug] [2024-01-30T02:51:25.908Z] >>> [apiv2][query] GET https://cloudfunctions.googleapis.com/v2/projects/ayuda-b2079/locations/-/functions filter=environment%3D%22GEN_2%22
[debug] [2024-01-30T02:51:26.399Z] <<< [apiv2][status] GET https://cloudfunctions.googleapis.com/v2/projects/ayuda-b2079/locations/-/functions 200
[debug] [2024-01-30T02:51:26.399Z] <<< [apiv2][body] GET https://cloudfunctions.googleapis.com/v2/projects/ayuda-b2079/locations/-/functions {"functions":[{"name":"projects/ayuda-b2079/locations/us-central1/functions/sendEmail","buildConfig":{"build":"projects/164845165625/locations/us-central1/builds/5500d2f6-f5a9-4fa8-b5b3-8fca26569968","runtime":"nodejs18","entryPoint":"sendEmail","source":{"storageSource":{"bucket":"gcf-v2-sources-164845165625-us-central1","object":"sendEmail/function-source.zip","generation":"1706581710456786"}},"environmentVariables":{"GOOGLE_NODE_RUN_SCRIPTS":""},"dockerRepository":"projects/ayuda-b2079/locations/us-central1/repositories/gcf-artifacts","sourceProvenance":{"resolvedStorageSource":{"bucket":"gcf-v2-sources-164845165625-us-central1","object":"sendEmail/function-source.zip","generation":"1706581710456786"}},"dockerRegistry":"ARTIFACT_REGISTRY"},"serviceConfig":{"service":"projects/ayuda-b2079/locations/us-central1/services/sendemail","timeoutSeconds":60,"environmentVariables":{"RESEND_API_KEY":"re_PR6C2YML_X9KEahBcZKuZbBLZz8DNYar3","FIREBASE_CONFIG":"{\"projectId\":\"ayuda-b2079\",\"databaseURL\":\"https://ayuda-b2079.firebaseio.com\",\"storageBucket\":\"ayuda-b2079.appspot.com\",\"locationId\":\"us-central\"}","GCLOUD_PROJECT":"ayuda-b2079","EVENTARC_CLOUD_EVENT_SOURCE":"projects/ayuda-b2079/locations/us-central1/services/sendEmail","FUNCTION_TARGET":"sendEmail","FUNCTION_SIGNATURE_TYPE":"http"},"maxInstanceCount":100,"ingressSettings":"ALLOW_ALL","uri":"https://sendemail-meebfzgspq-uc.a.run.app","serviceAccountEmail":"164845165625-compute@developer.gserviceaccount.com","availableMemory":"256Mi","allTrafficOnLatestRevision":true,"revision":"sendemail-00052-wit","maxInstanceRequestConcurrency":80,"availableCpu":"1"},"state":"ACTIVE","updateTime":"2024-01-30T02:28:37.795124818Z","labels":{"deployment-callable":"true","firebase-functions-hash":"4128533f935760c6833a929cba8b6245af2d827e","deployment-tool":"cli-firebase"},"environment":"GEN_2","url":"https://us-central1-ayuda-b2079.cloudfunctions.net/sendEmail"},{"name":"projects/ayuda-b2079/locations/us-central1/functions/deleleAccount","buildConfig":{"build":"projects/164845165625/locations/us-central1/builds/5500d2f6-f5a9-4fa8-b5b3-8fca26569968","runtime":"nodejs18","entryPoint":"deleleAccount","source":{"storageSource":{"bucket":"gcf-v2-sources-164845165625-us-central1","object":"deleleAccount/function-source.zip","generation":"1706581672375083"}},"environmentVariables":{"GOOGLE_NODE_RUN_SCRIPTS":""},"dockerRepository":"projects/ayuda-b2079/locations/us-central1/repositories/gcf-artifacts","sourceProvenance":{"resolvedStorageSource":{"bucket":"gcf-v2-sources-164845165625-us-central1","object":"deleleAccount/function-source.zip","generation":"1706581672375083"}},"dockerRegistry":"ARTIFACT_REGISTRY"},"serviceConfig":{"service":"projects/ayuda-b2079/locations/us-central1/services/deleleaccount","timeoutSeconds":60,"environmentVariables":{"RESEND_API_KEY":"re_PR6C2YML_X9KEahBcZKuZbBLZz8DNYar3","FIREBASE_CONFIG":"{\"projectId\":\"ayuda-b2079\",\"databaseURL\":\"https://ayuda-b2079.firebaseio.com\",\"storageBucket\":\"ayuda-b2079.appspot.com\",\"locationId\":\"us-central\"}","GCLOUD_PROJECT":"ayuda-b2079","EVENTARC_CLOUD_EVENT_SOURCE":"projects/ayuda-b2079/locations/us-central1/services/deleleAccount","FUNCTION_TARGET":"deleleAccount"},"maxInstanceCount":100,"ingressSettings":"ALLOW_ALL","uri":"https://deleleaccount-meebfzgspq-uc.a.run.app","serviceAccountEmail":"164845165625-compute@developer.gserviceaccount.com","availableMemory":"256Mi","allTrafficOnLatestRevision":true,"revision":"deleleaccount-00046-mip","maxInstanceRequestConcurrency":80,"availableCpu":"1"},"state":"ACTIVE","updateTime":"2024-01-30T02:28:37.977497292Z","labels":{"deployment-tool":"cli-firebase","deployment-callable":"true","firebase-functions-hash":"4128533f935760c6833a929cba8b6245af2d827e"},"environment":"GEN_2","url":"https://us-central1-ayuda-b2079.cloudfunctions.net/deleleAccount"},{"name":"projects/ayuda-b2079/locations/us-central1/functions/sendCloseEmail","buildConfig":{"build":"projects/164845165625/locations/us-central1/builds/5500d2f6-f5a9-4fa8-b5b3-8fca26569968","runtime":"nodejs18","entryPoint":"sendCloseEmail","source":{"storageSource":{"bucket":"gcf-v2-sources-164845165625-us-central1","object":"sendCloseEmail/function-source.zip","generation":"1706581710577990"}},"environmentVariables":{"GOOGLE_NODE_RUN_SCRIPTS":""},"dockerRepository":"projects/ayuda-b2079/locations/us-central1/repositories/gcf-artifacts","sourceProvenance":{"resolvedStorageSource":{"bucket":"gcf-v2-sources-164845165625-us-central1","object":"sendCloseEmail/function-source.zip","generation":"1706581710577990"}},"dockerRegistry":"ARTIFACT_REGISTRY"},"serviceConfig":{"service":"projects/ayuda-b2079/locations/us-central1/services/sendcloseemail","timeoutSeconds":60,"environmentVariables":{"RESEND_API_KEY":"re_PR6C2YML_X9KEahBcZKuZbBLZz8DNYar3","FIREBASE_CONFIG":"{\"projectId\":\"ayuda-b2079\",\"databaseURL\":\"https://ayuda-b2079.firebaseio.com\",\"storageBucket\":\"ayuda-b2079.appspot.com\",\"locationId\":\"us-central\"}","GCLOUD_PROJECT":"ayuda-b2079","EVENTARC_CLOUD_EVENT_SOURCE":"projects/ayuda-b2079/locations/us-central1/services/sendCloseEmail","FUNCTION_SIGNATURE_TYPE":"cloudevent","FUNCTION_TARGET":"sendCloseEmail"},"maxInstanceCount":100,"ingressSettings":"ALLOW_ALL","uri":"https://sendcloseemail-meebfzgspq-uc.a.run.app","serviceAccountEmail":"164845165625-compute@developer.gserviceaccount.com","availableMemory":"256Mi","allTrafficOnLatestRevision":true,"revision":"sendcloseemail-00006-ruv","maxInstanceRequestConcurrency":80,"availableCpu":"1"},"eventTrigger":{"trigger":"projects/ayuda-b2079/locations/nam5/triggers/sendcloseemail-764658","triggerRegion":"nam5","eventType":"google.cloud.firestore.document.v1.written","eventFilters":[{"attribute":"document","value":"referrals/{userId}/referrals/{referralId}","operator":"match-path-pattern"},{"attribute":"database","value":"(default)"},{"attribute":"namespace","value":"(default)"}],"pubsubTopic":"projects/ayuda-b2079/topics/eventarc-nam5-sendcloseemail-764658-015","serviceAccountEmail":"164845165625-compute@developer.gserviceaccount.com","retryPolicy":"RETRY_POLICY_DO_NOT_RETRY"},"state":"ACTIVE","updateTime":"2024-01-30T02:28:38.193158854Z","labels":{"deployment-tool":"cli-firebase","firebase-functions-hash":"4128533f935760c6833a929cba8b6245af2d827e"},"environment":"GEN_2","url":"https://us-central1-ayuda-b2079.cloudfunctions.net/sendCloseEmail"},{"name":"projects/ayuda-b2079/locations/us-central1/functions/sendNewPostNotification","buildConfig":{"build":"projects/164845165625/locations/us-central1/builds/5500d2f6-f5a9-4fa8-b5b3-8fca26569968","runtime":"nodejs18","entryPoint":"sendNewPostNotification","source":{"storageSource":{"bucket":"gcf-v2-sources-164845165625-us-central1","object":"sendNewPostNotification/function-source.zip","generation":"1706581710505278"}},"environmentVariables":{"GOOGLE_NODE_RUN_SCRIPTS":""},"dockerRepository":"projects/ayuda-b2079/locations/us-central1/repositories/gcf-artifacts","sourceProvenance":{"resolvedStorageSource":{"bucket":"gcf-v2-sources-164845165625-us-central1","object":"sendNewPostNotification/function-source.zip","generation":"1706581710505278"}},"dockerRegistry":"ARTIFACT_REGISTRY"},"serviceConfig":{"service":"projects/ayuda-b2079/locations/us-central1/services/sendnewpostnotification","timeoutSeconds":60,"environmentVariables":{"RESEND_API_KEY":"re_PR6C2YML_X9KEahBcZKuZbBLZz8DNYar3","FIREBASE_CONFIG":"{\"projectId\":\"ayuda-b2079\",\"databaseURL\":\"https://ayuda-b2079.firebaseio.com\",\"storageBucket\":\"ayuda-b2079.appspot.com\",\"locationId\":\"us-central\"}","GCLOUD_PROJECT":"ayuda-b2079","EVENTARC_CLOUD_EVENT_SOURCE":"projects/ayuda-b2079/locations/us-central1/services/sendNewPostNotification","FUNCTION_SIGNATURE_TYPE":"cloudevent","FUNCTION_TARGET":"sendNewPostNotification"},"maxInstanceCount":100,"ingressSettings":"ALLOW_ALL","uri":"https://sendnewpostnotification-meebfzgspq-uc.a.run.app","serviceAccountEmail":"164845165625-compute@developer.gserviceaccount.com","availableMemory":"256Mi","allTrafficOnLatestRevision":true,"revision":"sendnewpostnotification-00012-zok","maxInstanceRequestConcurrency":80,"availableCpu":"1"},"eventTrigger":{"trigger":"projects/ayuda-b2079/locations/nam5/triggers/sendnewpostnotification-100009","triggerRegion":"nam5","eventType":"google.cloud.firestore.document.v1.created","eventFilters":[{"attribute":"database","value":"(default)"},{"attribute":"namespace","value":"(default)"},{"attribute":"document","value":"quotes/{quoteId}","operator":"match-path-pattern"}],"pubsubTopic":"projects/ayuda-b2079/topics/eventarc-nam5-sendnewpostnotification-100009-264","serviceAccountEmail":"164845165625-compute@developer.gserviceaccount.com","retryPolicy":"RETRY_POLICY_DO_NOT_RETRY"},"state":"ACTIVE","updateTime":"2024-01-30T02:28:41.193765188Z","labels":{"firebase-functions-hash":"4128533f935760c6833a929cba8b6245af2d827e","deployment-tool":"cli-firebase"},"environment":"GEN_2","url":"https://us-central1-ayuda-b2079.cloudfunctions.net/sendNewPostNotification"},{"name":"projects/ayuda-b2079/locations/us-central1/functions/sendNewMessageNotification","buildConfig":{"build":"projects/164845165625/locations/us-central1/builds/5500d2f6-f5a9-4fa8-b5b3-8fca26569968","runtime":"nodejs18","entryPoint":"sendNewMessageNotification","source":{"storageSource":{"bucket":"gcf-v2-sources-164845165625-us-central1","object":"sendNewMessageNotification/function-source.zip","generation":"1706581710565020"}},"environmentVariables":{"GOOGLE_NODE_RUN_SCRIPTS":""},"dockerRepository":"projects/ayuda-b2079/locations/us-central1/repositories/gcf-artifacts","sourceProvenance":{"resolvedStorageSource":{"bucket":"gcf-v2-sources-164845165625-us-central1","object":"sendNewMessageNotification/function-source.zip","generation":"1706581710565020"}},"dockerRegistry":"ARTIFACT_REGISTRY"},"serviceConfig":{"service":"projects/ayuda-b2079/locations/us-central1/services/sendnewmessagenotification","timeoutSeconds":60,"environmentVariables":{"RESEND_API_KEY":"re_PR6C2YML_X9KEahBcZKuZbBLZz8DNYar3","FIREBASE_CONFIG":"{\"projectId\":\"ayuda-b2079\",\"databaseURL\":\"https://ayuda-b2079.firebaseio.com\",\"storageBucket\":\"ayuda-b2079.appspot.com\",\"locationId\":\"us-central\"}","GCLOUD_PROJECT":"ayuda-b2079","EVENTARC_CLOUD_EVENT_SOURCE":"projects/ayuda-b2079/locations/us-central1/services/sendNewMessageNotification","FUNCTION_SIGNATURE_TYPE":"cloudevent","FUNCTION_TARGET":"sendNewMessageNotification"},"maxInstanceCount":100,"ingressSettings":"ALLOW_ALL","uri":"https://sendnewmessagenotification-meebfzgspq-uc.a.run.app","serviceAccountEmail":"164845165625-compute@developer.gserviceaccount.com","availableMemory":"256Mi","allTrafficOnLatestRevision":true,"revision":"sendnewmessagenotification-00020-jix","maxInstanceRequestConcurrency":80,"availableCpu":"1"},"eventTrigger":{"trigger":"projects/ayuda-b2079/locations/nam5/triggers/sendnewmessagenotification-494963","triggerRegion":"nam5","eventType":"google.cloud.firestore.document.v1.created","eventFilters":[{"attribute":"database","value":"(default)"},{"attribute":"namespace","value":"(default)"},{"attribute":"document","value":"messages/{messageId}","operator":"match-path-pattern"}],"pubsubTopic":"projects/ayuda-b2079/topics/eventarc-nam5-sendnewmessagenotification-494963-140","serviceAccountEmail":"164845165625-compute@developer.gserviceaccount.com","retryPolicy":"RETRY_POLICY_DO_NOT_RETRY"},"state":"ACTIVE","updateTime":"2024-01-30T02:28:41.197470513Z","labels":{"deployment-tool":"cli-firebase","firebase-functions-hash":"4128533f935760c6833a929cba8b6245af2d827e"},"environment":"GEN_2","url":"https://us-central1-ayuda-b2079.cloudfunctions.net/sendNewMessageNotification"},{"name":"projects/ayuda-b2079/locations/us-central1/functions/sendIntroductionEmail","buildConfig":{"build":"projects/164845165625/locations/us-central1/builds/5500d2f6-f5a9-4fa8-b5b3-8fca26569968","runtime":"nodejs18","entryPoint":"sendIntroductionEmail","source":{"storageSource":{"bucket":"gcf-v2-sources-164845165625-us-central1","object":"sendIntroductionEmail/function-source.zip","generation":"1706581710552935"}},"environmentVariables":{"GOOGLE_NODE_RUN_SCRIPTS":""},"dockerRepository":"projects/ayuda-b2079/locations/us-central1/repositories/gcf-artifacts","sourceProvenance":{"resolvedStorageSource":{"bucket":"gcf-v2-sources-164845165625-us-central1","object":"sendIntroductionEmail/function-source.zip","generation":"1706581710552935"}},"dockerRegistry":"ARTIFACT_REGISTRY"},"serviceConfig":{"service":"projects/ayuda-b2079/locations/us-central1/services/sendintroductionemail","timeoutSeconds":60,"environmentVariables":{"RESEND_API_KEY":"re_PR6C2YML_X9KEahBcZKuZbBLZz8DNYar3","FIREBASE_CONFIG":"{\"projectId\":\"ayuda-b2079\",\"databaseURL\":\"https://ayuda-b2079.firebaseio.com\",\"storageBucket\":\"ayuda-b2079.appspot.com\",\"locationId\":\"us-central\"}","GCLOUD_PROJECT":"ayuda-b2079","EVENTARC_CLOUD_EVENT_SOURCE":"projects/ayuda-b2079/locations/us-central1/services/sendIntroductionEmail","FUNCTION_TARGET":"sendIntroductionEmail","FUNCTION_SIGNATURE_TYPE":"http"},"maxInstanceCount":100,"ingressSettings":"ALLOW_ALL","uri":"https://sendintroductionemail-meebfzgspq-uc.a.run.app","serviceAccountEmail":"164845165625-compute@developer.gserviceaccount.com","availableMemory":"256Mi","allTrafficOnLatestRevision":true,"revision":"sendintroductionemail-00011-zeq","maxInstanceRequestConcurrency":80,"availableCpu":"1"},"state":"ACTIVE","updateTime":"2024-01-30T02:28:40.688259789Z","labels":{"deployment-tool":"cli-firebase","deployment-callable":"true","firebase-functions-hash":"4128533f935760c6833a929cba8b6245af2d827e"},"environment":"GEN_2","url":"https://us-central1-ayuda-b2079.cloudfunctions.net/sendIntroductionEmail"}]}
[debug] [2024-01-30T02:51:26.403Z] >>> [apiv2][query] GET https://firestore.googleapis.com/v1/projects/ayuda-b2079/databases/(default) [none]
[debug] [2024-01-30T02:51:26.405Z] >>> [apiv2][query] GET https://firestore.googleapis.com/v1/projects/ayuda-b2079/databases/(default) [none]
[debug] [2024-01-30T02:51:26.406Z] >>> [apiv2][query] GET https://firestore.googleapis.com/v1/projects/ayuda-b2079/databases/(default) [none]
[debug] [2024-01-30T02:51:26.692Z] <<< [apiv2][status] GET https://firestore.googleapis.com/v1/projects/ayuda-b2079/databases/(default) 200
[debug] [2024-01-30T02:51:26.692Z] <<< [apiv2][body] GET https://firestore.googleapis.com/v1/projects/ayuda-b2079/databases/(default) {"name":"projects/ayuda-b2079/databases/(default)","uid":"00f598ea-04d3-45c6-be5f-0a1db981f162","createTime":"2020-04-16T19:02:18.756Z","updateTime":"2022-02-03T05:14:37.238739Z","locationId":"nam5","type":"FIRESTORE_NATIVE","concurrencyMode":"PESSIMISTIC","versionRetentionPeriod":"3600s","earliestVersionTime":"2024-01-30T01:51:26.668928Z","appEngineIntegrationMode":"ENABLED","keyPrefix":"s","pointInTimeRecoveryEnablement":"POINT_IN_TIME_RECOVERY_DISABLED","deleteProtectionState":"DELETE_PROTECTION_DISABLED","etag":"IN2zpLWNhIQDMJfx9MOX7IMD"}
[debug] [2024-01-30T02:51:26.892Z] <<< [apiv2][status] GET https://firestore.googleapis.com/v1/projects/ayuda-b2079/databases/(default) 200
[debug] [2024-01-30T02:51:26.893Z] <<< [apiv2][body] GET https://firestore.googleapis.com/v1/projects/ayuda-b2079/databases/(default) {"name":"projects/ayuda-b2079/databases/(default)","uid":"00f598ea-04d3-45c6-be5f-0a1db981f162","createTime":"2020-04-16T19:02:18.756Z","updateTime":"2022-02-03T05:14:37.238739Z","locationId":"nam5","type":"FIRESTORE_NATIVE","concurrencyMode":"PESSIMISTIC","versionRetentionPeriod":"3600s","earliestVersionTime":"2024-01-30T01:51:26.873392Z","appEngineIntegrationMode":"ENABLED","keyPrefix":"s","pointInTimeRecoveryEnablement":"POINT_IN_TIME_RECOVERY_DISABLED","deleteProtectionState":"DELETE_PROTECTION_DISABLED","etag":"IOjxsLWNhIQDMJfx9MOX7IMD"}
[debug] [2024-01-30T02:51:26.912Z] <<< [apiv2][status] GET https://firestore.googleapis.com/v1/projects/ayuda-b2079/databases/(default) 200
[debug] [2024-01-30T02:51:26.912Z] <<< [apiv2][body] GET https://firestore.googleapis.com/v1/projects/ayuda-b2079/databases/(default) {"name":"projects/ayuda-b2079/databases/(default)","uid":"00f598ea-04d3-45c6-be5f-0a1db981f162","createTime":"2020-04-16T19:02:18.756Z","updateTime":"2022-02-03T05:14:37.238739Z","locationId":"nam5","type":"FIRESTORE_NATIVE","concurrencyMode":"PESSIMISTIC","versionRetentionPeriod":"3600s","earliestVersionTime":"2024-01-30T01:51:26.893613Z","appEngineIntegrationMode":"ENABLED","keyPrefix":"s","pointInTimeRecoveryEnablement":"POINT_IN_TIME_RECOVERY_DISABLED","deleteProtectionState":"DELETE_PROTECTION_DISABLED","etag":"IJ6QsrWNhIQDMJfx9MOX7IMD"}
[info] i  functions: ensuring required API run.googleapis.com is enabled... 
[info] i  functions: ensuring required API eventarc.googleapis.com is enabled... 
[info] i  functions: ensuring required API pubsub.googleapis.com is enabled... 
[info] i  functions: ensuring required API storage.googleapis.com is enabled... 
[debug] [2024-01-30T02:51:26.917Z] >>> [apiv2][query] GET https://serviceusage.googleapis.com/v1/projects/ayuda-b2079/services/run.googleapis.com [none]
[debug] [2024-01-30T02:51:26.917Z] >>> [apiv2][(partial)header] GET https://serviceusage.googleapis.com/v1/projects/ayuda-b2079/services/run.googleapis.com x-goog-quota-user=projects/ayuda-b2079
[debug] [2024-01-30T02:51:26.919Z] >>> [apiv2][query] GET https://serviceusage.googleapis.com/v1/projects/ayuda-b2079/services/eventarc.googleapis.com [none]
[debug] [2024-01-30T02:51:26.920Z] >>> [apiv2][(partial)header] GET https://serviceusage.googleapis.com/v1/projects/ayuda-b2079/services/eventarc.googleapis.com x-goog-quota-user=projects/ayuda-b2079
[debug] [2024-01-30T02:51:26.922Z] >>> [apiv2][query] GET https://serviceusage.googleapis.com/v1/projects/ayuda-b2079/services/pubsub.googleapis.com [none]
[debug] [2024-01-30T02:51:26.922Z] >>> [apiv2][(partial)header] GET https://serviceusage.googleapis.com/v1/projects/ayuda-b2079/services/pubsub.googleapis.com x-goog-quota-user=projects/ayuda-b2079
[debug] [2024-01-30T02:51:26.924Z] >>> [apiv2][query] GET https://serviceusage.googleapis.com/v1/projects/ayuda-b2079/services/storage.googleapis.com [none]
[debug] [2024-01-30T02:51:26.924Z] >>> [apiv2][(partial)header] GET https://serviceusage.googleapis.com/v1/projects/ayuda-b2079/services/storage.googleapis.com x-goog-quota-user=projects/ayuda-b2079
[debug] [2024-01-30T02:51:27.274Z] <<< [apiv2][status] GET https://serviceusage.googleapis.com/v1/projects/ayuda-b2079/services/eventarc.googleapis.com 200
[debug] [2024-01-30T02:51:27.275Z] <<< [apiv2][body] GET https://serviceusage.googleapis.com/v1/projects/ayuda-b2079/services/eventarc.googleapis.com [omitted]
[info] ✔  functions: required API eventarc.googleapis.com is enabled 
[debug] [2024-01-30T02:51:27.277Z] <<< [apiv2][status] GET https://serviceusage.googleapis.com/v1/projects/ayuda-b2079/services/pubsub.googleapis.com 200
[debug] [2024-01-30T02:51:27.277Z] <<< [apiv2][body] GET https://serviceusage.googleapis.com/v1/projects/ayuda-b2079/services/pubsub.googleapis.com [omitted]
[info] ✔  functions: required API pubsub.googleapis.com is enabled 
[debug] [2024-01-30T02:51:27.278Z] <<< [apiv2][status] GET https://serviceusage.googleapis.com/v1/projects/ayuda-b2079/services/storage.googleapis.com 200
[debug] [2024-01-30T02:51:27.278Z] <<< [apiv2][body] GET https://serviceusage.googleapis.com/v1/projects/ayuda-b2079/services/storage.googleapis.com [omitted]
[info] ✔  functions: required API storage.googleapis.com is enabled 
[debug] [2024-01-30T02:51:27.301Z] <<< [apiv2][status] GET https://serviceusage.googleapis.com/v1/projects/ayuda-b2079/services/run.googleapis.com 200
[debug] [2024-01-30T02:51:27.301Z] <<< [apiv2][body] GET https://serviceusage.googleapis.com/v1/projects/ayuda-b2079/services/run.googleapis.com [omitted]
[info] ✔  functions: required API run.googleapis.com is enabled 
[info] i  functions: generating the service identity for pubsub.googleapis.com... 
[info] i  functions: generating the service identity for eventarc.googleapis.com... 
[debug] [2024-01-30T02:51:27.302Z] >>> [apiv2][query] POST https://serviceusage.googleapis.com/v1beta1/projects/164845165625/services/pubsub.googleapis.com:generateServiceIdentity [none]
[debug] [2024-01-30T02:51:27.304Z] >>> [apiv2][query] POST https://serviceusage.googleapis.com/v1beta1/projects/164845165625/services/eventarc.googleapis.com:generateServiceIdentity [none]
[debug] [2024-01-30T02:51:27.809Z] <<< [apiv2][status] POST https://serviceusage.googleapis.com/v1beta1/projects/164845165625/services/pubsub.googleapis.com:generateServiceIdentity 200
[debug] [2024-01-30T02:51:27.809Z] <<< [apiv2][body] POST https://serviceusage.googleapis.com/v1beta1/projects/164845165625/services/pubsub.googleapis.com:generateServiceIdentity {"name":"operations/finished.DONE_OPERATION","done":true,"response":{"@type":"type.googleapis.com/google.api.serviceusage.v1beta1.ServiceIdentity","email":"service-164845165625@gcp-sa-pubsub.iam.gserviceaccount.com","uniqueId":"103309869240850992543"}}
[debug] [2024-01-30T02:51:27.815Z] <<< [apiv2][status] POST https://serviceusage.googleapis.com/v1beta1/projects/164845165625/services/eventarc.googleapis.com:generateServiceIdentity 200
[debug] [2024-01-30T02:51:27.815Z] <<< [apiv2][body] POST https://serviceusage.googleapis.com/v1beta1/projects/164845165625/services/eventarc.googleapis.com:generateServiceIdentity {"name":"operations/finished.DONE_OPERATION","done":true,"response":{"@type":"type.googleapis.com/google.api.serviceusage.v1beta1.ServiceIdentity","email":"service-164845165625@gcp-sa-eventarc.iam.gserviceaccount.com","uniqueId":"104921413109254044483"}}
[debug] [2024-01-30T02:51:27.818Z] >>> [apiv2][query] GET https://firebase.googleapis.com/v1beta1/projects/ayuda-b2079 [none]
[debug] [2024-01-30T02:51:28.080Z] <<< [apiv2][status] GET https://firebase.googleapis.com/v1beta1/projects/ayuda-b2079 200
[debug] [2024-01-30T02:51:28.081Z] <<< [apiv2][body] GET https://firebase.googleapis.com/v1beta1/projects/ayuda-b2079 {"projectId":"ayuda-b2079","projectNumber":"164845165625","displayName":"ayuda","name":"projects/ayuda-b2079","resources":{"hostingSite":"ayuda-b2079","realtimeDatabaseInstance":"ayuda-b2079","storageBucket":"ayuda-b2079.appspot.com","locationId":"us-central"},"state":"ACTIVE","etag":"1_bae4d6d6-fe94-4125-9151-b79de4a1be61"}
[debug] [2024-01-30T02:51:28.084Z] >>> [apiv2][query] POST https://cloudfunctions.googleapis.com/v2/projects/ayuda-b2079/locations/us-central1/functions:generateUploadUrl [none]
[debug] [2024-01-30T02:51:28.356Z] <<< [apiv2][status] POST https://cloudfunctions.googleapis.com/v2/projects/ayuda-b2079/locations/us-central1/functions:generateUploadUrl 200
[debug] [2024-01-30T02:51:28.356Z] <<< [apiv2][body] POST https://cloudfunctions.googleapis.com/v2/projects/ayuda-b2079/locations/us-central1/functions:generateUploadUrl {"uploadUrl":"https://storage.googleapis.com/gcf-v2-uploads-164845165625-us-central1/d5bc195f-0aeb-40c3-8b62-ed98ff4e2423.zip?GoogleAccessId=service-164845165625@gcf-admin-robot.iam.gserviceaccount.com&Expires=1706584888&Signature=YeorWDmQno6nIi517krE43vhSyHHrvPWGPVbmkMPs5H9V2WpApCiFG2OiSmf%2F1SIfbDXQ45rP1IVaIvRaE8l7BKTGn6mnQaMcT8kczy1hH2Ry1s4pC%2FrVxijd20r%2FEFm3KJvVqMndywtXt8P7Km%2FkPYdT2bWmwdptA87%2Btt52vNVWnTZrQMuJH5GCMUrDqfdcQZ6TFKXq9PC%2FeLGbx3ckoWWO7o7ENRYF2l9y2KGNUERV6Qdrwoyv6jgcg8aOCkVkJM3DpQgjWF9nT6XKEdPBg84F%2Fc0Ju6w5WiW44gS7s0u1oaYy5nLG655RLhYD0BY7AvM749jA2248lbcPnsZFg%3D%3D","storageSource":{"bucket":"gcf-v2-uploads-164845165625-us-central1","object":"d5bc195f-0aeb-40c3-8b62-ed98ff4e2423.zip"}}
[debug] [2024-01-30T02:51:28.357Z] >>> [apiv2][query] PUT https://storage.googleapis.com/gcf-v2-uploads-164845165625-us-central1/d5bc195f-0aeb-40c3-8b62-ed98ff4e2423.zip GoogleAccessId=service-164845165625%40gcf-admin-robot.iam.gserviceaccount.com&Expires=1706584888&Signature=YeorWDmQno6nIi517krE43vhSyHHrvPWGPVbmkMPs5H9V2WpApCiFG2OiSmf%2F1SIfbDXQ45rP1IVaIvRaE8l7BKTGn6mnQaMcT8kczy1hH2Ry1s4pC%2FrVxijd20r%2FEFm3KJvVqMndywtXt8P7Km%2FkPYdT2bWmwdptA87%2Btt52vNVWnTZrQMuJH5GCMUrDqfdcQZ6TFKXq9PC%2FeLGbx3ckoWWO7o7ENRYF2l9y2KGNUERV6Qdrwoyv6jgcg8aOCkVkJM3DpQgjWF9nT6XKEdPBg84F%2Fc0Ju6w5WiW44gS7s0u1oaYy5nLG655RLhYD0BY7AvM749jA2248lbcPnsZFg%3D%3D
[debug] [2024-01-30T02:51:28.357Z] >>> [apiv2][body] PUT https://storage.googleapis.com/gcf-v2-uploads-164845165625-us-central1/d5bc195f-0aeb-40c3-8b62-ed98ff4e2423.zip [stream]
[debug] [2024-01-30T02:51:28.600Z] <<< [apiv2][status] PUT https://storage.googleapis.com/gcf-v2-uploads-164845165625-us-central1/d5bc195f-0aeb-40c3-8b62-ed98ff4e2423.zip 200
[debug] [2024-01-30T02:51:28.601Z] <<< [apiv2][body] PUT https://storage.googleapis.com/gcf-v2-uploads-164845165625-us-central1/d5bc195f-0aeb-40c3-8b62-ed98ff4e2423.zip [omitted]
[info] ✔  functions: functions folder uploaded successfully 
[info] i  functions: updating Node.js 18 (2nd Gen) function deleleAccount(us-central1)... 
[info] i  functions: updating Node.js 18 (2nd Gen) function sendIntroductionEmail(us-central1)... 
[info] i  functions: updating Node.js 18 (2nd Gen) function sendEmail(us-central1)... 
[info] i  functions: updating Node.js 18 (2nd Gen) function sendNewMessageNotification(us-central1)... 
[info] i  functions: updating Node.js 18 (2nd Gen) function sendNewPostNotification(us-central1)... 
[info] i  functions: updating Node.js 18 (2nd Gen) function sendCloseEmail(us-central1)... 
[debug] [2024-01-30T02:51:28.608Z] >>> [apiv2][query] PATCH https://cloudfunctions.googleapis.com/v2/projects/ayuda-b2079/locations/us-central1/functions/deleleAccount updateMask=name%2CbuildConfig.runtime%2CbuildConfig.entryPoint%2CbuildConfig.source.storageSource.bucket%2CbuildConfig.source.storageSource.object%2CbuildConfig.environmentVariables%2CbuildConfig.sourceToken%2CserviceConfig.environmentVariables%2CserviceConfig.ingressSettings%2CserviceConfig.timeoutSeconds%2CserviceConfig.serviceAccountEmail%2CserviceConfig.availableMemory%2CserviceConfig.minInstanceCount%2CserviceConfig.maxInstanceCount%2CserviceConfig.maxInstanceRequestConcurrency%2CserviceConfig.availableCpu%2CserviceConfig.vpcConnector%2CserviceConfig.vpcConnectorEgressSettings%2Clabels%2CbuildConfig.buildEnvironmentVariables
[debug] [2024-01-30T02:51:28.609Z] >>> [apiv2][body] PATCH https://cloudfunctions.googleapis.com/v2/projects/ayuda-b2079/locations/us-central1/functions/deleleAccount {"name":"projects/ayuda-b2079/locations/us-central1/functions/deleleAccount","buildConfig":{"runtime":"nodejs18","entryPoint":"deleleAccount","source":{"storageSource":{"bucket":"gcf-v2-uploads-164845165625-us-central1","object":"d5bc195f-0aeb-40c3-8b62-ed98ff4e2423.zip"}},"environmentVariables":{"GOOGLE_NODE_RUN_SCRIPTS":""}},"serviceConfig":{"environmentVariables":{"RESEND_API_KEY":"re_PR6C2YML_X9KEahBcZKuZbBLZz8DNYar3","FIREBASE_CONFIG":"{\"projectId\":\"ayuda-b2079\",\"databaseURL\":\"https://ayuda-b2079.firebaseio.com\",\"storageBucket\":\"ayuda-b2079.appspot.com\",\"locationId\":\"us-central\"}","GCLOUD_PROJECT":"ayuda-b2079","EVENTARC_CLOUD_EVENT_SOURCE":"projects/ayuda-b2079/locations/us-central1/services/deleleAccount","FUNCTION_TARGET":"deleleAccount"},"ingressSettings":null,"timeoutSeconds":null,"serviceAccountEmail":null,"availableMemory":"256Mi","minInstanceCount":null,"maxInstanceCount":null,"maxInstanceRequestConcurrency":80,"availableCpu":"1","vpcConnector":null,"vpcConnectorEgressSettings":null},"labels":{"deployment-tool":"cli-firebase","deployment-callable":"true","firebase-functions-hash":"6b692284e2ba7b372c28f041246b2800dbe47e36"}}
[debug] [2024-01-30T02:51:29.473Z] <<< [apiv2][status] PATCH https://cloudfunctions.googleapis.com/v2/projects/ayuda-b2079/locations/us-central1/functions/deleleAccount 200
[debug] [2024-01-30T02:51:29.473Z] <<< [apiv2][body] PATCH https://cloudfunctions.googleapis.com/v2/projects/ayuda-b2079/locations/us-central1/functions/deleleAccount {"name":"projects/ayuda-b2079/locations/us-central1/operations/operation-1706583088796-61020d6c99343-04819e7f-adc6b206","metadata":{"@type":"type.googleapis.com/google.cloud.functions.v2.OperationMetadata","createTime":"2024-01-30T02:51:29.440687670Z","target":"projects/ayuda-b2079/locations/us-central1/functions/deleleAccount","verb":"update","cancelRequested":false,"apiVersion":"v2"},"done":false}
[debug] [2024-01-30T02:51:29.474Z] >>> [apiv2][query] GET https://cloudfunctions.googleapis.com/v2/projects/ayuda-b2079/locations/us-central1/operations/operation-1706583088796-61020d6c99343-04819e7f-adc6b206 [none]
[debug] [2024-01-30T02:51:29.689Z] <<< [apiv2][status] GET https://cloudfunctions.googleapis.com/v2/projects/ayuda-b2079/locations/us-central1/operations/operation-1706583088796-61020d6c99343-04819e7f-adc6b206 200
[debug] [2024-01-30T02:51:29.689Z] <<< [apiv2][body] GET https://cloudfunctions.googleapis.com/v2/projects/ayuda-b2079/locations/us-central1/operations/operation-1706583088796-61020d6c99343-04819e7f-adc6b206 {"name":"projects/ayuda-b2079/locations/us-central1/operations/operation-1706583088796-61020d6c99343-04819e7f-adc6b206","metadata":{"@type":"type.googleapis.com/google.cloud.functions.v2.OperationMetadata","createTime":"2024-01-30T02:51:29.440687670Z","target":"projects/ayuda-b2079/locations/us-central1/functions/deleleAccount","verb":"update","cancelRequested":false,"apiVersion":"v2","requestResource":{"@type":"type.googleapis.com/google.cloud.functions.v2.Function","name":"projects/ayuda-b2079/locations/us-central1/functions/deleleAccount","buildConfig":{"runtime":"nodejs18","entryPoint":"deleleAccount","source":{"storageSource":{"bucket":"gcf-v2-sources-164845165625-us-central1","object":"deleleAccount/function-source.zip","generation":"1706583089405666"}},"environmentVariables":{"GOOGLE_NODE_RUN_SCRIPTS":""},"dockerRepository":"projects/ayuda-b2079/locations/us-central1/repositories/gcf-artifacts","sourceProvenance":{"resolvedStorageSource":{"bucket":"gcf-v2-sources-164845165625-us-central1","object":"deleleAccount/function-source.zip","generation":"1706581672375083"}},"dockerRegistry":"ARTIFACT_REGISTRY"},"serviceConfig":{"service":"projects/ayuda-b2079/locations/us-central1/services/deleleaccount","timeoutSeconds":60,"environmentVariables":{"RESEND_API_KEY":"re_PR6C2YML_X9KEahBcZKuZbBLZz8DNYar3","FIREBASE_CONFIG":"{\"projectId\":\"ayuda-b2079\",\"databaseURL\":\"https://ayuda-b2079.firebaseio.com\",\"storageBucket\":\"ayuda-b2079.appspot.com\",\"locationId\":\"us-central\"}","GCLOUD_PROJECT":"ayuda-b2079","EVENTARC_CLOUD_EVENT_SOURCE":"projects/ayuda-b2079/locations/us-central1/services/deleleAccount","FUNCTION_TARGET":"deleleAccount"},"ingressSettings":"ALLOW_ALL","uri":"https://deleleaccount-meebfzgspq-uc.a.run.app","serviceAccountEmail":"164845165625-compute@developer.gserviceaccount.com","availableMemory":"256Mi","allTrafficOnLatestRevision":true,"revision":"deleleaccount-00046-mip","maxInstanceRequestConcurrency":80,"availableCpu":"1"},"state":"ACTIVE","labels":{"deployment-tool":"cli-firebase","deployment-callable":"true","firebase-functions-hash":"6b692284e2ba7b372c28f041246b2800dbe47e36"},"environment":"GEN_2","url":"https://us-central1-ayuda-b2079.cloudfunctions.net/deleleAccount"},"stages":[{"name":"BUILD","state":"NOT_STARTED"},{"name":"SERVICE","state":"NOT_STARTED"}],"operationType":"UPDATE_FUNCTION"},"done":false}
[debug] [2024-01-30T02:51:30.189Z] [update-default-us-central1-deleleAccount] Retrying task index 0
[debug] [2024-01-30T02:51:30.189Z] >>> [apiv2][query] GET https://cloudfunctions.googleapis.com/v2/projects/ayuda-b2079/locations/us-central1/operations/operation-1706583088796-61020d6c99343-04819e7f-adc6b206 [none]
[debug] [2024-01-30T02:51:30.404Z] <<< [apiv2][status] GET https://cloudfunctions.googleapis.com/v2/projects/ayuda-b2079/locations/us-central1/operations/operation-1706583088796-61020d6c99343-04819e7f-adc6b206 200
[debug] [2024-01-30T02:51:30.404Z] <<< [apiv2][body] GET https://cloudfunctions.googleapis.com/v2/projects/ayuda-b2079/locations/us-central1/operations/operation-1706583088796-61020d6c99343-04819e7f-adc6b206 {"name":"projects/ayuda-b2079/locations/us-central1/operations/operation-1706583088796-61020d6c99343-04819e7f-adc6b206","metadata":{"@type":"type.googleapis.com/google.cloud.functions.v2.OperationMetadata","createTime":"2024-01-30T02:51:29.440687670Z","target":"projects/ayuda-b2079/locations/us-central1/functions/deleleAccount","verb":"update","cancelRequested":false,"apiVersion":"v2","requestResource":{"@type":"type.googleapis.com/google.cloud.functions.v2.Function","name":"projects/ayuda-b2079/locations/us-central1/functions/deleleAccount","buildConfig":{"runtime":"nodejs18","entryPoint":"deleleAccount","source":{"storageSource":{"bucket":"gcf-v2-sources-164845165625-us-central1","object":"deleleAccount/function-source.zip","generation":"1706583089405666"}},"environmentVariables":{"GOOGLE_NODE_RUN_SCRIPTS":""},"dockerRepository":"projects/ayuda-b2079/locations/us-central1/repositories/gcf-artifacts","sourceProvenance":{"resolvedStorageSource":{"bucket":"gcf-v2-sources-164845165625-us-central1","object":"deleleAccount/function-source.zip","generation":"1706581672375083"}},"dockerRegistry":"ARTIFACT_REGISTRY"},"serviceConfig":{"service":"projects/ayuda-b2079/locations/us-central1/services/deleleaccount","timeoutSeconds":60,"environmentVariables":{"RESEND_API_KEY":"re_PR6C2YML_X9KEahBcZKuZbBLZz8DNYar3","FIREBASE_CONFIG":"{\"projectId\":\"ayuda-b2079\",\"databaseURL\":\"https://ayuda-b2079.firebaseio.com\",\"storageBucket\":\"ayuda-b2079.appspot.com\",\"locationId\":\"us-central\"}","GCLOUD_PROJECT":"ayuda-b2079","EVENTARC_CLOUD_EVENT_SOURCE":"projects/ayuda-b2079/locations/us-central1/services/deleleAccount","FUNCTION_TARGET":"deleleAccount"},"ingressSettings":"ALLOW_ALL","uri":"https://deleleaccount-meebfzgspq-uc.a.run.app","serviceAccountEmail":"164845165625-compute@developer.gserviceaccount.com","availableMemory":"256Mi","allTrafficOnLatestRevision":true,"revision":"deleleaccount-00046-mip","maxInstanceRequestConcurrency":80,"availableCpu":"1"},"state":"ACTIVE","labels":{"deployment-tool":"cli-firebase","deployment-callable":"true","firebase-functions-hash":"6b692284e2ba7b372c28f041246b2800dbe47e36"},"environment":"GEN_2","url":"https://us-central1-ayuda-b2079.cloudfunctions.net/deleleAccount"},"stages":[{"name":"BUILD","message":"Build in progress","state":"IN_PROGRESS","resource":"projects/164845165625/locations/us-central1/builds/3ac3b5d5-7e66-41b2-a5d1-a61301d07529","resourceUri":"https://console.cloud.google.com/cloud-build/builds;region=us-central1/3ac3b5d5-7e66-41b2-a5d1-a61301d07529?project=164845165625"},{"name":"SERVICE","state":"NOT_STARTED"}],"operationType":"UPDATE_FUNCTION"},"done":false}
[debug] [2024-01-30T02:51:31.405Z] [update-default-us-central1-deleleAccount] Retrying task index 0
[debug] [2024-01-30T02:51:31.405Z] >>> [apiv2][query] GET https://cloudfunctions.googleapis.com/v2/projects/ayuda-b2079/locations/us-central1/operations/operation-1706583088796-61020d6c99343-04819e7f-adc6b206 [none]
[debug] [2024-01-30T02:51:31.623Z] <<< [apiv2][status] GET https://cloudfunctions.googleapis.com/v2/projects/ayuda-b2079/locations/us-central1/operations/operation-1706583088796-61020d6c99343-04819e7f-adc6b206 200
[debug] [2024-01-30T02:51:31.623Z] <<< [apiv2][body] GET https://cloudfunctions.googleapis.com/v2/projects/ayuda-b2079/locations/us-central1/operations/operation-1706583088796-61020d6c99343-04819e7f-adc6b206 {"name":"projects/ayuda-b2079/locations/us-central1/operations/operation-1706583088796-61020d6c99343-04819e7f-adc6b206","metadata":{"@type":"type.googleapis.com/google.cloud.functions.v2.OperationMetadata","createTime":"2024-01-30T02:51:29.440687670Z","target":"projects/ayuda-b2079/locations/us-central1/functions/deleleAccount","verb":"update","cancelRequested":false,"apiVersion":"v2","requestResource":{"@type":"type.googleapis.com/google.cloud.functions.v2.Function","name":"projects/ayuda-b2079/locations/us-central1/functions/deleleAccount","buildConfig":{"runtime":"nodejs18","entryPoint":"deleleAccount","source":{"storageSource":{"bucket":"gcf-v2-sources-164845165625-us-central1","object":"deleleAccount/function-source.zip","generation":"1706583089405666"}},"environmentVariables":{"GOOGLE_NODE_RUN_SCRIPTS":""},"dockerRepository":"projects/ayuda-b2079/locations/us-central1/repositories/gcf-artifacts","sourceProvenance":{"resolvedStorageSource":{"bucket":"gcf-v2-sources-164845165625-us-central1","object":"deleleAccount/function-source.zip","generation":"1706581672375083"}},"dockerRegistry":"ARTIFACT_REGISTRY"},"serviceConfig":{"service":"projects/ayuda-b2079/locations/us-central1/services/deleleaccount","timeoutSeconds":60,"environmentVariables":{"RESEND_API_KEY":"re_PR6C2YML_X9KEahBcZKuZbBLZz8DNYar3","FIREBASE_CONFIG":"{\"projectId\":\"ayuda-b2079\",\"databaseURL\":\"https://ayuda-b2079.firebaseio.com\",\"storageBucket\":\"ayuda-b2079.appspot.com\",\"locationId\":\"us-central\"}","GCLOUD_PROJECT":"ayuda-b2079","EVENTARC_CLOUD_EVENT_SOURCE":"projects/ayuda-b2079/locations/us-central1/services/deleleAccount","FUNCTION_TARGET":"deleleAccount"},"ingressSettings":"ALLOW_ALL","uri":"https://deleleaccount-meebfzgspq-uc.a.run.app","serviceAccountEmail":"164845165625-compute@developer.gserviceaccount.com","availableMemory":"256Mi","allTrafficOnLatestRevision":true,"revision":"deleleaccount-00046-mip","maxInstanceRequestConcurrency":80,"availableCpu":"1"},"state":"ACTIVE","labels":{"deployment-tool":"cli-firebase","deployment-callable":"true","firebase-functions-hash":"6b692284e2ba7b372c28f041246b2800dbe47e36"},"environment":"GEN_2","url":"https://us-central1-ayuda-b2079.cloudfunctions.net/deleleAccount"},"stages":[{"name":"BUILD","message":"Build in progress","state":"IN_PROGRESS","resource":"projects/164845165625/locations/us-central1/builds/3ac3b5d5-7e66-41b2-a5d1-a61301d07529","resourceUri":"https://console.cloud.google.com/cloud-build/builds;region=us-central1/3ac3b5d5-7e66-41b2-a5d1-a61301d07529?project=164845165625"},{"name":"SERVICE","state":"NOT_STARTED"}],"operationType":"UPDATE_FUNCTION"},"done":false}
[debug] [2024-01-30T02:51:33.625Z] [update-default-us-central1-deleleAccount] Retrying task index 0
[debug] [2024-01-30T02:51:33.627Z] >>> [apiv2][query] GET https://cloudfunctions.googleapis.com/v2/projects/ayuda-b2079/locations/us-central1/operations/operation-1706583088796-61020d6c99343-04819e7f-adc6b206 [none]
[debug] [2024-01-30T02:51:33.845Z] <<< [apiv2][status] GET https://cloudfunctions.googleapis.com/v2/projects/ayuda-b2079/locations/us-central1/operations/operation-1706583088796-61020d6c99343-04819e7f-adc6b206 200
[debug] [2024-01-30T02:51:33.845Z] <<< [apiv2][body] GET https://cloudfunctions.googleapis.com/v2/projects/ayuda-b2079/locations/us-central1/operations/operation-1706583088796-61020d6c99343-04819e7f-adc6b206 {"name":"projects/ayuda-b2079/locations/us-central1/operations/operation-1706583088796-61020d6c99343-04819e7f-adc6b206","metadata":{"@type":"type.googleapis.com/google.cloud.functions.v2.OperationMetadata","createTime":"2024-01-30T02:51:29.440687670Z","target":"projects/ayuda-b2079/locations/us-central1/functions/deleleAccount","verb":"update","cancelRequested":false,"apiVersion":"v2","requestResource":{"@type":"type.googleapis.com/google.cloud.functions.v2.Function","name":"projects/ayuda-b2079/locations/us-central1/functions/deleleAccount","buildConfig":{"runtime":"nodejs18","entryPoint":"deleleAccount","source":{"storageSource":{"bucket":"gcf-v2-sources-164845165625-us-central1","object":"deleleAccount/function-source.zip","generation":"1706583089405666"}},"environmentVariables":{"GOOGLE_NODE_RUN_SCRIPTS":""},"dockerRepository":"projects/ayuda-b2079/locations/us-central1/repositories/gcf-artifacts","sourceProvenance":{"resolvedStorageSource":{"bucket":"gcf-v2-sources-164845165625-us-central1","object":"deleleAccount/function-source.zip","generation":"1706581672375083"}},"dockerRegistry":"ARTIFACT_REGISTRY"},"serviceConfig":{"service":"projects/ayuda-b2079/locations/us-central1/services/deleleaccount","timeoutSeconds":60,"environmentVariables":{"RESEND_API_KEY":"re_PR6C2YML_X9KEahBcZKuZbBLZz8DNYar3","FIREBASE_CONFIG":"{\"projectId\":\"ayuda-b2079\",\"databaseURL\":\"https://ayuda-b2079.firebaseio.com\",\"storageBucket\":\"ayuda-b2079.appspot.com\",\"locationId\":\"us-central\"}","GCLOUD_PROJECT":"ayuda-b2079","EVENTARC_CLOUD_EVENT_SOURCE":"projects/ayuda-b2079/locations/us-central1/services/deleleAccount","FUNCTION_TARGET":"deleleAccount"},"ingressSettings":"ALLOW_ALL","uri":"https://deleleaccount-meebfzgspq-uc.a.run.app","serviceAccountEmail":"164845165625-compute@developer.gserviceaccount.com","availableMemory":"256Mi","allTrafficOnLatestRevision":true,"revision":"deleleaccount-00046-mip","maxInstanceRequestConcurrency":80,"availableCpu":"1"},"state":"ACTIVE","labels":{"deployment-tool":"cli-firebase","deployment-callable":"true","firebase-functions-hash":"6b692284e2ba7b372c28f041246b2800dbe47e36"},"environment":"GEN_2","url":"https://us-central1-ayuda-b2079.cloudfunctions.net/deleleAccount"},"stages":[{"name":"BUILD","message":"Build in progress","state":"IN_PROGRESS","resource":"projects/164845165625/locations/us-central1/builds/3ac3b5d5-7e66-41b2-a5d1-a61301d07529","resourceUri":"https://console.cloud.google.com/cloud-build/builds;region=us-central1/3ac3b5d5-7e66-41b2-a5d1-a61301d07529?project=164845165625"},{"name":"SERVICE","state":"NOT_STARTED"}],"operationType":"UPDATE_FUNCTION"},"done":false}
[debug] [2024-01-30T02:51:37.847Z] [update-default-us-central1-deleleAccount] Retrying task index 0
[debug] [2024-01-30T02:51:37.849Z] >>> [apiv2][query] GET https://cloudfunctions.googleapis.com/v2/projects/ayuda-b2079/locations/us-central1/operations/operation-1706583088796-61020d6c99343-04819e7f-adc6b206 [none]
[debug] [2024-01-30T02:51:38.048Z] <<< [apiv2][status] GET https://cloudfunctions.googleapis.com/v2/projects/ayuda-b2079/locations/us-central1/operations/operation-1706583088796-61020d6c99343-04819e7f-adc6b206 200
[debug] [2024-01-30T02:51:38.048Z] <<< [apiv2][body] GET https://cloudfunctions.googleapis.com/v2/projects/ayuda-b2079/locations/us-central1/operations/operation-1706583088796-61020d6c99343-04819e7f-adc6b206 {"name":"projects/ayuda-b2079/locations/us-central1/operations/operation-1706583088796-61020d6c99343-04819e7f-adc6b206","metadata":{"@type":"type.googleapis.com/google.cloud.functions.v2.OperationMetadata","createTime":"2024-01-30T02:51:29.440687670Z","target":"projects/ayuda-b2079/locations/us-central1/functions/deleleAccount","verb":"update","cancelRequested":false,"apiVersion":"v2","requestResource":{"@type":"type.googleapis.com/google.cloud.functions.v2.Function","name":"projects/ayuda-b2079/locations/us-central1/functions/deleleAccount","buildConfig":{"runtime":"nodejs18","entryPoint":"deleleAccount","source":{"storageSource":{"bucket":"gcf-v2-sources-164845165625-us-central1","object":"deleleAccount/function-source.zip","generation":"1706583089405666"}},"environmentVariables":{"GOOGLE_NODE_RUN_SCRIPTS":""},"dockerRepository":"projects/ayuda-b2079/locations/us-central1/repositories/gcf-artifacts","sourceProvenance":{"resolvedStorageSource":{"bucket":"gcf-v2-sources-164845165625-us-central1","object":"deleleAccount/function-source.zip","generation":"1706581672375083"}},"dockerRegistry":"ARTIFACT_REGISTRY"},"serviceConfig":{"service":"projects/ayuda-b2079/locations/us-central1/services/deleleaccount","timeoutSeconds":60,"environmentVariables":{"RESEND_API_KEY":"re_PR6C2YML_X9KEahBcZKuZbBLZz8DNYar3","FIREBASE_CONFIG":"{\"projectId\":\"ayuda-b2079\",\"databaseURL\":\"https://ayuda-b2079.firebaseio.com\",\"storageBucket\":\"ayuda-b2079.appspot.com\",\"locationId\":\"us-central\"}","GCLOUD_PROJECT":"ayuda-b2079","EVENTARC_CLOUD_EVENT_SOURCE":"projects/ayuda-b2079/locations/us-central1/services/deleleAccount","FUNCTION_TARGET":"deleleAccount"},"ingressSettings":"ALLOW_ALL","uri":"https://deleleaccount-meebfzgspq-uc.a.run.app","serviceAccountEmail":"164845165625-compute@developer.gserviceaccount.com","availableMemory":"256Mi","allTrafficOnLatestRevision":true,"revision":"deleleaccount-00046-mip","maxInstanceRequestConcurrency":80,"availableCpu":"1"},"state":"ACTIVE","labels":{"deployment-tool":"cli-firebase","deployment-callable":"true","firebase-functions-hash":"6b692284e2ba7b372c28f041246b2800dbe47e36"},"environment":"GEN_2","url":"https://us-central1-ayuda-b2079.cloudfunctions.net/deleleAccount"},"stages":[{"name":"BUILD","message":"Build in progress","state":"IN_PROGRESS","resource":"projects/164845165625/locations/us-central1/builds/3ac3b5d5-7e66-41b2-a5d1-a61301d07529","resourceUri":"https://console.cloud.google.com/cloud-build/builds;region=us-central1/3ac3b5d5-7e66-41b2-a5d1-a61301d07529?project=164845165625"},{"name":"SERVICE","state":"NOT_STARTED"}],"operationType":"UPDATE_FUNCTION"},"done":false}
[debug] [2024-01-30T02:51:46.050Z] [update-default-us-central1-deleleAccount] Retrying task index 0
[debug] [2024-01-30T02:51:46.052Z] >>> [apiv2][query] GET https://cloudfunctions.googleapis.com/v2/projects/ayuda-b2079/locations/us-central1/operations/operation-1706583088796-61020d6c99343-04819e7f-adc6b206 [none]
[debug] [2024-01-30T02:51:46.280Z] <<< [apiv2][status] GET https://cloudfunctions.googleapis.com/v2/projects/ayuda-b2079/locations/us-central1/operations/operation-1706583088796-61020d6c99343-04819e7f-adc6b206 200
[debug] [2024-01-30T02:51:46.280Z] <<< [apiv2][body] GET https://cloudfunctions.googleapis.com/v2/projects/ayuda-b2079/locations/us-central1/operations/operation-1706583088796-61020d6c99343-04819e7f-adc6b206 {"name":"projects/ayuda-b2079/locations/us-central1/operations/operation-1706583088796-61020d6c99343-04819e7f-adc6b206","metadata":{"@type":"type.googleapis.com/google.cloud.functions.v2.OperationMetadata","createTime":"2024-01-30T02:51:29.440687670Z","target":"projects/ayuda-b2079/locations/us-central1/functions/deleleAccount","verb":"update","cancelRequested":false,"apiVersion":"v2","requestResource":{"@type":"type.googleapis.com/google.cloud.functions.v2.Function","name":"projects/ayuda-b2079/locations/us-central1/functions/deleleAccount","buildConfig":{"runtime":"nodejs18","entryPoint":"deleleAccount","source":{"storageSource":{"bucket":"gcf-v2-sources-164845165625-us-central1","object":"deleleAccount/function-source.zip","generation":"1706583089405666"}},"environmentVariables":{"GOOGLE_NODE_RUN_SCRIPTS":""},"dockerRepository":"projects/ayuda-b2079/locations/us-central1/repositories/gcf-artifacts","sourceProvenance":{"resolvedStorageSource":{"bucket":"gcf-v2-sources-164845165625-us-central1","object":"deleleAccount/function-source.zip","generation":"1706581672375083"}},"dockerRegistry":"ARTIFACT_REGISTRY"},"serviceConfig":{"service":"projects/ayuda-b2079/locations/us-central1/services/deleleaccount","timeoutSeconds":60,"environmentVariables":{"RESEND_API_KEY":"re_PR6C2YML_X9KEahBcZKuZbBLZz8DNYar3","FIREBASE_CONFIG":"{\"projectId\":\"ayuda-b2079\",\"databaseURL\":\"https://ayuda-b2079.firebaseio.com\",\"storageBucket\":\"ayuda-b2079.appspot.com\",\"locationId\":\"us-central\"}","GCLOUD_PROJECT":"ayuda-b2079","EVENTARC_CLOUD_EVENT_SOURCE":"projects/ayuda-b2079/locations/us-central1/services/deleleAccount","FUNCTION_TARGET":"deleleAccount"},"ingressSettings":"ALLOW_ALL","uri":"https://deleleaccount-meebfzgspq-uc.a.run.app","serviceAccountEmail":"164845165625-compute@developer.gserviceaccount.com","availableMemory":"256Mi","allTrafficOnLatestRevision":true,"revision":"deleleaccount-00046-mip","maxInstanceRequestConcurrency":80,"availableCpu":"1"},"state":"ACTIVE","labels":{"deployment-tool":"cli-firebase","deployment-callable":"true","firebase-functions-hash":"6b692284e2ba7b372c28f041246b2800dbe47e36"},"environment":"GEN_2","url":"https://us-central1-ayuda-b2079.cloudfunctions.net/deleleAccount"},"stages":[{"name":"BUILD","message":"Build in progress","state":"IN_PROGRESS","resource":"projects/164845165625/locations/us-central1/builds/3ac3b5d5-7e66-41b2-a5d1-a61301d07529","resourceUri":"https://console.cloud.google.com/cloud-build/builds;region=us-central1/3ac3b5d5-7e66-41b2-a5d1-a61301d07529?project=164845165625"},{"name":"SERVICE","state":"NOT_STARTED"}],"operationType":"UPDATE_FUNCTION"},"done":false}
[debug] [2024-01-30T02:51:56.282Z] [update-default-us-central1-deleleAccount] Retrying task index 0
[debug] [2024-01-30T02:51:56.283Z] >>> [apiv2][query] GET https://cloudfunctions.googleapis.com/v2/projects/ayuda-b2079/locations/us-central1/operations/operation-1706583088796-61020d6c99343-04819e7f-adc6b206 [none]
[debug] [2024-01-30T02:51:56.494Z] <<< [apiv2][status] GET https://cloudfunctions.googleapis.com/v2/projects/ayuda-b2079/locations/us-central1/operations/operation-1706583088796-61020d6c99343-04819e7f-adc6b206 200
[debug] [2024-01-30T02:51:56.494Z] <<< [apiv2][body] GET https://cloudfunctions.googleapis.com/v2/projects/ayuda-b2079/locations/us-central1/operations/operation-1706583088796-61020d6c99343-04819e7f-adc6b206 {"name":"projects/ayuda-b2079/locations/us-central1/operations/operation-1706583088796-61020d6c99343-04819e7f-adc6b206","metadata":{"@type":"type.googleapis.com/google.cloud.functions.v2.OperationMetadata","createTime":"2024-01-30T02:51:29.440687670Z","target":"projects/ayuda-b2079/locations/us-central1/functions/deleleAccount","verb":"update","cancelRequested":false,"apiVersion":"v2","requestResource":{"@type":"type.googleapis.com/google.cloud.functions.v2.Function","name":"projects/ayuda-b2079/locations/us-central1/functions/deleleAccount","buildConfig":{"runtime":"nodejs18","entryPoint":"deleleAccount","source":{"storageSource":{"bucket":"gcf-v2-sources-164845165625-us-central1","object":"deleleAccount/function-source.zip","generation":"1706583089405666"}},"environmentVariables":{"GOOGLE_NODE_RUN_SCRIPTS":""},"dockerRepository":"projects/ayuda-b2079/locations/us-central1/repositories/gcf-artifacts","sourceProvenance":{"resolvedStorageSource":{"bucket":"gcf-v2-sources-164845165625-us-central1","object":"deleleAccount/function-source.zip","generation":"1706581672375083"}},"dockerRegistry":"ARTIFACT_REGISTRY"},"serviceConfig":{"service":"projects/ayuda-b2079/locations/us-central1/services/deleleaccount","timeoutSeconds":60,"environmentVariables":{"RESEND_API_KEY":"re_PR6C2YML_X9KEahBcZKuZbBLZz8DNYar3","FIREBASE_CONFIG":"{\"projectId\":\"ayuda-b2079\",\"databaseURL\":\"https://ayuda-b2079.firebaseio.com\",\"storageBucket\":\"ayuda-b2079.appspot.com\",\"locationId\":\"us-central\"}","GCLOUD_PROJECT":"ayuda-b2079","EVENTARC_CLOUD_EVENT_SOURCE":"projects/ayuda-b2079/locations/us-central1/services/deleleAccount","FUNCTION_TARGET":"deleleAccount"},"ingressSettings":"ALLOW_ALL","uri":"https://deleleaccount-meebfzgspq-uc.a.run.app","serviceAccountEmail":"164845165625-compute@developer.gserviceaccount.com","availableMemory":"256Mi","allTrafficOnLatestRevision":true,"revision":"deleleaccount-00046-mip","maxInstanceRequestConcurrency":80,"availableCpu":"1"},"state":"ACTIVE","labels":{"deployment-tool":"cli-firebase","deployment-callable":"true","firebase-functions-hash":"6b692284e2ba7b372c28f041246b2800dbe47e36"},"environment":"GEN_2","url":"https://us-central1-ayuda-b2079.cloudfunctions.net/deleleAccount"},"stages":[{"name":"BUILD","message":"Build in progress","state":"IN_PROGRESS","resource":"projects/164845165625/locations/us-central1/builds/3ac3b5d5-7e66-41b2-a5d1-a61301d07529","resourceUri":"https://console.cloud.google.com/cloud-build/builds;region=us-central1/3ac3b5d5-7e66-41b2-a5d1-a61301d07529?project=164845165625"},{"name":"SERVICE","state":"NOT_STARTED"}],"operationType":"UPDATE_FUNCTION"},"done":false}
[debug] [2024-01-30T02:52:06.499Z] [update-default-us-central1-deleleAccount] Retrying task index 0
[debug] [2024-01-30T02:52:06.508Z] >>> [apiv2][query] GET https://cloudfunctions.googleapis.com/v2/projects/ayuda-b2079/locations/us-central1/operations/operation-1706583088796-61020d6c99343-04819e7f-adc6b206 [none]
[debug] [2024-01-30T02:52:06.723Z] <<< [apiv2][status] GET https://cloudfunctions.googleapis.com/v2/projects/ayuda-b2079/locations/us-central1/operations/operation-1706583088796-61020d6c99343-04819e7f-adc6b206 200
[debug] [2024-01-30T02:52:06.723Z] <<< [apiv2][body] GET https://cloudfunctions.googleapis.com/v2/projects/ayuda-b2079/locations/us-central1/operations/operation-1706583088796-61020d6c99343-04819e7f-adc6b206 {"name":"projects/ayuda-b2079/locations/us-central1/operations/operation-1706583088796-61020d6c99343-04819e7f-adc6b206","metadata":{"@type":"type.googleapis.com/google.cloud.functions.v2.OperationMetadata","createTime":"2024-01-30T02:51:29.440687670Z","target":"projects/ayuda-b2079/locations/us-central1/functions/deleleAccount","verb":"update","cancelRequested":false,"apiVersion":"v2","requestResource":{"@type":"type.googleapis.com/google.cloud.functions.v2.Function","name":"projects/ayuda-b2079/locations/us-central1/functions/deleleAccount","buildConfig":{"runtime":"nodejs18","entryPoint":"deleleAccount","source":{"storageSource":{"bucket":"gcf-v2-sources-164845165625-us-central1","object":"deleleAccount/function-source.zip","generation":"1706583089405666"}},"environmentVariables":{"GOOGLE_NODE_RUN_SCRIPTS":""},"dockerRepository":"projects/ayuda-b2079/locations/us-central1/repositories/gcf-artifacts","sourceProvenance":{"resolvedStorageSource":{"bucket":"gcf-v2-sources-164845165625-us-central1","object":"deleleAccount/function-source.zip","generation":"1706581672375083"}},"dockerRegistry":"ARTIFACT_REGISTRY"},"serviceConfig":{"service":"projects/ayuda-b2079/locations/us-central1/services/deleleaccount","timeoutSeconds":60,"environmentVariables":{"RESEND_API_KEY":"re_PR6C2YML_X9KEahBcZKuZbBLZz8DNYar3","FIREBASE_CONFIG":"{\"projectId\":\"ayuda-b2079\",\"databaseURL\":\"https://ayuda-b2079.firebaseio.com\",\"storageBucket\":\"ayuda-b2079.appspot.com\",\"locationId\":\"us-central\"}","GCLOUD_PROJECT":"ayuda-b2079","EVENTARC_CLOUD_EVENT_SOURCE":"projects/ayuda-b2079/locations/us-central1/services/deleleAccount","FUNCTION_TARGET":"deleleAccount"},"ingressSettings":"ALLOW_ALL","uri":"https://deleleaccount-meebfzgspq-uc.a.run.app","serviceAccountEmail":"164845165625-compute@developer.gserviceaccount.com","availableMemory":"256Mi","allTrafficOnLatestRevision":true,"revision":"deleleaccount-00046-mip","maxInstanceRequestConcurrency":80,"availableCpu":"1"},"state":"ACTIVE","labels":{"deployment-tool":"cli-firebase","deployment-callable":"true","firebase-functions-hash":"6b692284e2ba7b372c28f041246b2800dbe47e36"},"environment":"GEN_2","url":"https://us-central1-ayuda-b2079.cloudfunctions.net/deleleAccount"},"stages":[{"name":"BUILD","message":"Build in progress","state":"IN_PROGRESS","resource":"projects/164845165625/locations/us-central1/builds/3ac3b5d5-7e66-41b2-a5d1-a61301d07529","resourceUri":"https://console.cloud.google.com/cloud-build/builds;region=us-central1/3ac3b5d5-7e66-41b2-a5d1-a61301d07529?project=164845165625"},{"name":"SERVICE","state":"NOT_STARTED"}],"operationType":"UPDATE_FUNCTION"},"done":false}
[debug] [2024-01-30T02:52:16.726Z] [update-default-us-central1-deleleAccount] Retrying task index 0
[debug] [2024-01-30T02:52:16.731Z] >>> [apiv2][query] GET https://cloudfunctions.googleapis.com/v2/projects/ayuda-b2079/locations/us-central1/operations/operation-1706583088796-61020d6c99343-04819e7f-adc6b206 [none]
[debug] [2024-01-30T02:52:16.967Z] <<< [apiv2][status] GET https://cloudfunctions.googleapis.com/v2/projects/ayuda-b2079/locations/us-central1/operations/operation-1706583088796-61020d6c99343-04819e7f-adc6b206 200
[debug] [2024-01-30T02:52:16.968Z] <<< [apiv2][body] GET https://cloudfunctions.googleapis.com/v2/projects/ayuda-b2079/locations/us-central1/operations/operation-1706583088796-61020d6c99343-04819e7f-adc6b206 {"name":"projects/ayuda-b2079/locations/us-central1/operations/operation-1706583088796-61020d6c99343-04819e7f-adc6b206","metadata":{"@type":"type.googleapis.com/google.cloud.functions.v2.OperationMetadata","createTime":"2024-01-30T02:51:29.440687670Z","target":"projects/ayuda-b2079/locations/us-central1/functions/deleleAccount","verb":"update","cancelRequested":false,"apiVersion":"v2","requestResource":{"@type":"type.googleapis.com/google.cloud.functions.v2.Function","name":"projects/ayuda-b2079/locations/us-central1/functions/deleleAccount","buildConfig":{"runtime":"nodejs18","entryPoint":"deleleAccount","source":{"storageSource":{"bucket":"gcf-v2-sources-164845165625-us-central1","object":"deleleAccount/function-source.zip","generation":"1706583089405666"}},"environmentVariables":{"GOOGLE_NODE_RUN_SCRIPTS":""},"dockerRepository":"projects/ayuda-b2079/locations/us-central1/repositories/gcf-artifacts","sourceProvenance":{"resolvedStorageSource":{"bucket":"gcf-v2-sources-164845165625-us-central1","object":"deleleAccount/function-source.zip","generation":"1706581672375083"}},"dockerRegistry":"ARTIFACT_REGISTRY"},"serviceConfig":{"service":"projects/ayuda-b2079/locations/us-central1/services/deleleaccount","timeoutSeconds":60,"environmentVariables":{"RESEND_API_KEY":"re_PR6C2YML_X9KEahBcZKuZbBLZz8DNYar3","FIREBASE_CONFIG":"{\"projectId\":\"ayuda-b2079\",\"databaseURL\":\"https://ayuda-b2079.firebaseio.com\",\"storageBucket\":\"ayuda-b2079.appspot.com\",\"locationId\":\"us-central\"}","GCLOUD_PROJECT":"ayuda-b2079","EVENTARC_CLOUD_EVENT_SOURCE":"projects/ayuda-b2079/locations/us-central1/services/deleleAccount","FUNCTION_TARGET":"deleleAccount"},"ingressSettings":"ALLOW_ALL","uri":"https://deleleaccount-meebfzgspq-uc.a.run.app","serviceAccountEmail":"164845165625-compute@developer.gserviceaccount.com","availableMemory":"256Mi","allTrafficOnLatestRevision":true,"revision":"deleleaccount-00046-mip","maxInstanceRequestConcurrency":80,"availableCpu":"1"},"state":"ACTIVE","labels":{"deployment-tool":"cli-firebase","deployment-callable":"true","firebase-functions-hash":"6b692284e2ba7b372c28f041246b2800dbe47e36"},"environment":"GEN_2","url":"https://us-central1-ayuda-b2079.cloudfunctions.net/deleleAccount"},"stages":[{"name":"BUILD","message":"Build in progress","state":"IN_PROGRESS","resource":"projects/164845165625/locations/us-central1/builds/3ac3b5d5-7e66-41b2-a5d1-a61301d07529","resourceUri":"https://console.cloud.google.com/cloud-build/builds;region=us-central1/3ac3b5d5-7e66-41b2-a5d1-a61301d07529?project=164845165625"},{"name":"SERVICE","state":"NOT_STARTED"}],"operationType":"UPDATE_FUNCTION"},"done":false}
