[debug] [2023-10-09T05:10:10.920Z] ----------------------------------------------------------------------
[debug] [2023-10-09T05:10:10.921Z] Command:       /usr/local/bin/node /usr/local/bin/firebase deploy --only functions
[debug] [2023-10-09T05:10:10.921Z] CLI Version:   12.5.4
[debug] [2023-10-09T05:10:10.922Z] Platform:      darwin
[debug] [2023-10-09T05:10:10.922Z] Node Version:  v18.17.1
[debug] [2023-10-09T05:10:10.925Z] Time:          Mon Oct 09 2023 01:10:10 GMT-0400 (Eastern Daylight Time)
[debug] [2023-10-09T05:10:10.925Z] ----------------------------------------------------------------------
[debug] 
[debug] [2023-10-09T05:10:10.960Z] > command requires scopes: ["email","openid","https://www.googleapis.com/auth/cloudplatformprojects.readonly","https://www.googleapis.com/auth/firebase","https://www.googleapis.com/auth/cloud-platform"]
[debug] [2023-10-09T05:10:10.961Z] > authorizing via signed-in user (robertm3lendez@gmail.com)
[debug] [2023-10-09T05:10:10.961Z] [iam] checking project ayuda-b2079 for permissions ["cloudfunctions.functions.create","cloudfunctions.functions.delete","cloudfunctions.functions.get","cloudfunctions.functions.list","cloudfunctions.functions.update","cloudfunctions.operations.get","firebase.projects.get"]
[debug] [2023-10-09T05:10:10.962Z] >>> [apiv2][query] POST https://cloudresourcemanager.googleapis.com/v1/projects/ayuda-b2079:testIamPermissions [none]
[debug] [2023-10-09T05:10:10.962Z] >>> [apiv2][(partial)header] POST https://cloudresourcemanager.googleapis.com/v1/projects/ayuda-b2079:testIamPermissions x-goog-quota-user=projects/ayuda-b2079
[debug] [2023-10-09T05:10:10.962Z] >>> [apiv2][body] POST https://cloudresourcemanager.googleapis.com/v1/projects/ayuda-b2079:testIamPermissions {"permissions":["cloudfunctions.functions.create","cloudfunctions.functions.delete","cloudfunctions.functions.get","cloudfunctions.functions.list","cloudfunctions.functions.update","cloudfunctions.operations.get","firebase.projects.get"]}
[debug] [2023-10-09T05:10:11.078Z] <<< [apiv2][status] POST https://cloudresourcemanager.googleapis.com/v1/projects/ayuda-b2079:testIamPermissions 200
[debug] [2023-10-09T05:10:11.078Z] <<< [apiv2][body] POST https://cloudresourcemanager.googleapis.com/v1/projects/ayuda-b2079:testIamPermissions {"permissions":["cloudfunctions.functions.create","cloudfunctions.functions.delete","cloudfunctions.functions.get","cloudfunctions.functions.list","cloudfunctions.functions.update","cloudfunctions.operations.get","firebase.projects.get"]}
[debug] [2023-10-09T05:10:11.078Z] >>> [apiv2][query] POST https://iam.googleapis.com/v1/projects/ayuda-b2079/serviceAccounts/ayuda-b2079@appspot.gserviceaccount.com:testIamPermissions [none]
[debug] [2023-10-09T05:10:11.078Z] >>> [apiv2][body] POST https://iam.googleapis.com/v1/projects/ayuda-b2079/serviceAccounts/ayuda-b2079@appspot.gserviceaccount.com:testIamPermissions {"permissions":["iam.serviceAccounts.actAs"]}
[debug] [2023-10-09T05:10:11.154Z] <<< [apiv2][status] POST https://iam.googleapis.com/v1/projects/ayuda-b2079/serviceAccounts/ayuda-b2079@appspot.gserviceaccount.com:testIamPermissions 200
[debug] [2023-10-09T05:10:11.154Z] <<< [apiv2][body] POST https://iam.googleapis.com/v1/projects/ayuda-b2079/serviceAccounts/ayuda-b2079@appspot.gserviceaccount.com:testIamPermissions {"permissions":["iam.serviceAccounts.actAs"]}
[info] 
[info] === Deploying to 'ayuda-b2079'...
[info] 
[info] i  deploying functions 
[info] Running command: npm --prefix "$RESOURCE_DIR" run build
[info] ✔  functions: Finished running predeploy script. 
[debug] [2023-10-09T05:10:15.320Z] >>> [apiv2][query] GET https://firebase.googleapis.com/v1beta1/projects/ayuda-b2079 [none]
[debug] [2023-10-09T05:10:15.565Z] <<< [apiv2][status] GET https://firebase.googleapis.com/v1beta1/projects/ayuda-b2079 200
[debug] [2023-10-09T05:10:15.565Z] <<< [apiv2][body] GET https://firebase.googleapis.com/v1beta1/projects/ayuda-b2079 {"projectId":"ayuda-b2079","projectNumber":"164845165625","displayName":"ayuda","name":"projects/ayuda-b2079","resources":{"hostingSite":"ayuda-b2079","realtimeDatabaseInstance":"ayuda-b2079","storageBucket":"ayuda-b2079.appspot.com","locationId":"us-central"},"state":"ACTIVE","etag":"1_3b9a7d1f-f87c-4096-abaa-a1b61f801116"}
[info] i  functions: preparing codebase default for deployment 
[info] i  functions: ensuring required API cloudfunctions.googleapis.com is enabled... 
[info] i  functions: ensuring required API cloudbuild.googleapis.com is enabled... 
[info] i  artifactregistry: ensuring required API artifactregistry.googleapis.com is enabled... 
[debug] [2023-10-09T05:10:15.566Z] >>> [apiv2][query] GET https://serviceusage.googleapis.com/v1/projects/ayuda-b2079/services/cloudfunctions.googleapis.com [none]
[debug] [2023-10-09T05:10:15.566Z] >>> [apiv2][(partial)header] GET https://serviceusage.googleapis.com/v1/projects/ayuda-b2079/services/cloudfunctions.googleapis.com x-goog-quota-user=projects/ayuda-b2079
[debug] [2023-10-09T05:10:15.567Z] >>> [apiv2][query] GET https://serviceusage.googleapis.com/v1/projects/ayuda-b2079/services/runtimeconfig.googleapis.com [none]
[debug] [2023-10-09T05:10:15.567Z] >>> [apiv2][(partial)header] GET https://serviceusage.googleapis.com/v1/projects/ayuda-b2079/services/runtimeconfig.googleapis.com x-goog-quota-user=projects/ayuda-b2079
[debug] [2023-10-09T05:10:15.568Z] >>> [apiv2][query] GET https://serviceusage.googleapis.com/v1/projects/ayuda-b2079/services/cloudbuild.googleapis.com [none]
[debug] [2023-10-09T05:10:15.568Z] >>> [apiv2][(partial)header] GET https://serviceusage.googleapis.com/v1/projects/ayuda-b2079/services/cloudbuild.googleapis.com x-goog-quota-user=projects/ayuda-b2079
[debug] [2023-10-09T05:10:15.568Z] >>> [apiv2][query] GET https://serviceusage.googleapis.com/v1/projects/ayuda-b2079/services/artifactregistry.googleapis.com [none]
[debug] [2023-10-09T05:10:15.569Z] >>> [apiv2][(partial)header] GET https://serviceusage.googleapis.com/v1/projects/ayuda-b2079/services/artifactregistry.googleapis.com x-goog-quota-user=projects/ayuda-b2079
[debug] [2023-10-09T05:10:15.826Z] <<< [apiv2][status] GET https://serviceusage.googleapis.com/v1/projects/ayuda-b2079/services/cloudbuild.googleapis.com 200
[debug] [2023-10-09T05:10:15.827Z] <<< [apiv2][body] GET https://serviceusage.googleapis.com/v1/projects/ayuda-b2079/services/cloudbuild.googleapis.com [omitted]
[info] ✔  functions: required API cloudbuild.googleapis.com is enabled 
[debug] [2023-10-09T05:10:15.886Z] <<< [apiv2][status] GET https://serviceusage.googleapis.com/v1/projects/ayuda-b2079/services/artifactregistry.googleapis.com 200
[debug] [2023-10-09T05:10:15.886Z] <<< [apiv2][body] GET https://serviceusage.googleapis.com/v1/projects/ayuda-b2079/services/artifactregistry.googleapis.com [omitted]
[info] ✔  artifactregistry: required API artifactregistry.googleapis.com is enabled 
[debug] [2023-10-09T05:10:15.904Z] <<< [apiv2][status] GET https://serviceusage.googleapis.com/v1/projects/ayuda-b2079/services/runtimeconfig.googleapis.com 200
[debug] [2023-10-09T05:10:15.904Z] <<< [apiv2][body] GET https://serviceusage.googleapis.com/v1/projects/ayuda-b2079/services/runtimeconfig.googleapis.com [omitted]
[debug] [2023-10-09T05:10:15.911Z] <<< [apiv2][status] GET https://serviceusage.googleapis.com/v1/projects/ayuda-b2079/services/cloudfunctions.googleapis.com 200
[debug] [2023-10-09T05:10:15.911Z] <<< [apiv2][body] GET https://serviceusage.googleapis.com/v1/projects/ayuda-b2079/services/cloudfunctions.googleapis.com [omitted]
[info] ✔  functions: required API cloudfunctions.googleapis.com is enabled 
[debug] [2023-10-09T05:10:15.911Z] >>> [apiv2][query] GET https://firebase.googleapis.com/v1beta1/projects/ayuda-b2079/adminSdkConfig [none]
[debug] [2023-10-09T05:10:16.273Z] <<< [apiv2][status] GET https://firebase.googleapis.com/v1beta1/projects/ayuda-b2079/adminSdkConfig 200
[debug] [2023-10-09T05:10:16.273Z] <<< [apiv2][body] GET https://firebase.googleapis.com/v1beta1/projects/ayuda-b2079/adminSdkConfig {"projectId":"ayuda-b2079","databaseURL":"https://ayuda-b2079.firebaseio.com","storageBucket":"ayuda-b2079.appspot.com","locationId":"us-central"}
[debug] [2023-10-09T05:10:16.275Z] >>> [apiv2][query] GET https://runtimeconfig.googleapis.com/v1beta1/projects/ayuda-b2079/configs [none]
[debug] [2023-10-09T05:10:16.539Z] <<< [apiv2][status] GET https://runtimeconfig.googleapis.com/v1beta1/projects/ayuda-b2079/configs 200
[debug] [2023-10-09T05:10:16.539Z] <<< [apiv2][body] GET https://runtimeconfig.googleapis.com/v1beta1/projects/ayuda-b2079/configs {}
[debug] [2023-10-09T05:10:16.542Z] Validating nodejs source
[debug] [2023-10-09T05:10:17.237Z] > [functions] package.json contents: {
  "name": "functions",
  "scripts": {
    "build": "tsc",
    "build:watch": "tsc --watch",
    "serve": "npm run build && firebase emulators:start --only functions",
    "shell": "npm run build && firebase functions:shell",
    "start": "npm run shell",
    "deploy": "firebase deploy --only functions",
    "logs": "firebase functions:log"
  },
  "engines": {
    "node": "18"
  },
  "main": "lib/index.js",
  "dependencies": {
    "@react-email/components": "^0.0.7",
    "@react-email/tailwind": "^0.0.9",
    "firebase-admin": "^11.8.0",
    "firebase-functions": "^4.3.1",
    "react": "^18.2.0",
    "resend": "^1.1.0"
  },
  "devDependencies": {
    "firebase-functions-test": "^3.1.0",
    "typescript": "^4.9.0"
  },
  "private": true
}
[debug] [2023-10-09T05:10:17.238Z] Building nodejs source
[info] i  functions: Loading and analyzing source code for codebase default to determine what to deploy 
[debug] [2023-10-09T05:10:17.238Z] Could not find functions.yaml. Must use http discovery
[debug] [2023-10-09T05:10:17.246Z] Found firebase-functions binary at '/Users/melendez/Desktop/dvw/functions/node_modules/.bin/firebase-functions'
[info] Serving at port 8928

[debug] [2023-10-09T05:10:17.555Z] Got response from /__/functions.yaml {"endpoints":{"deleleAccount":{"availableMemoryMb":null,"timeoutSeconds":null,"minInstances":null,"maxInstances":null,"ingressSettings":null,"concurrency":null,"serviceAccountEmail":null,"vpc":null,"platform":"gcfv2","labels":{},"callableTrigger":{},"entryPoint":"deleleAccount"},"sendEmail":{"availableMemoryMb":null,"timeoutSeconds":null,"minInstances":null,"maxInstances":null,"ingressSettings":null,"concurrency":null,"serviceAccountEmail":null,"vpc":null,"platform":"gcfv2","labels":{},"callableTrigger":{},"entryPoint":"sendEmail"}},"specVersion":"v1alpha1","requiredAPIs":[]}
[info] shutdown requested via /__/quitquitquit

[info] i  functions: Loaded environment variables from .env. 
[info] i  functions: preparing functions directory for uploading... 
[info] i  functions: packaged /Users/melendez/Desktop/dvw/functions (97.56 KB) for uploading 
[debug] [2023-10-09T05:10:17.605Z] >>> [apiv2][query] GET https://cloudfunctions.googleapis.com/v1/projects/ayuda-b2079/locations/-/functions [none]
[debug] [2023-10-09T05:10:18.045Z] <<< [apiv2][status] GET https://cloudfunctions.googleapis.com/v1/projects/ayuda-b2079/locations/-/functions 200
[debug] [2023-10-09T05:10:18.045Z] <<< [apiv2][body] GET https://cloudfunctions.googleapis.com/v1/projects/ayuda-b2079/locations/-/functions {}
[debug] [2023-10-09T05:10:18.047Z] >>> [apiv2][query] GET https://cloudfunctions.googleapis.com/v2/projects/ayuda-b2079/locations/-/functions filter=environment%3D%22GEN_2%22
[debug] [2023-10-09T05:10:18.521Z] <<< [apiv2][status] GET https://cloudfunctions.googleapis.com/v2/projects/ayuda-b2079/locations/-/functions 200
[debug] [2023-10-09T05:10:18.521Z] <<< [apiv2][body] GET https://cloudfunctions.googleapis.com/v2/projects/ayuda-b2079/locations/-/functions {"functions":[{"name":"projects/ayuda-b2079/locations/us-central1/functions/sendEmail","buildConfig":{"build":"projects/164845165625/locations/us-central1/builds/70b2cfc7-fbe0-4976-b2a4-2b50039e3d92","runtime":"nodejs18","entryPoint":"sendEmail","source":{"storageSource":{"bucket":"gcf-v2-sources-164845165625-us-central1","object":"sendEmail/function-source.zip","generation":"1696827875528566"}},"environmentVariables":{"GOOGLE_NODE_RUN_SCRIPTS":""},"sourceProvenance":{"resolvedStorageSource":{"bucket":"gcf-v2-sources-164845165625-us-central1","object":"sendEmail/function-source.zip","generation":"1696827875528566"}},"dockerRegistry":"ARTIFACT_REGISTRY"},"serviceConfig":{"service":"projects/ayuda-b2079/locations/us-central1/services/sendemail","timeoutSeconds":60,"environmentVariables":{"RESEND_API_KEY":"re_PR6C2YML_X9KEahBcZKuZbBLZz8DNYar3","FIREBASE_CONFIG":"{\"projectId\":\"ayuda-b2079\",\"databaseURL\":\"https://ayuda-b2079.firebaseio.com\",\"storageBucket\":\"ayuda-b2079.appspot.com\",\"locationId\":\"us-central\"}","GCLOUD_PROJECT":"ayuda-b2079","EVENTARC_CLOUD_EVENT_SOURCE":"projects/ayuda-b2079/locations/us-central1/services/sendEmail"},"maxInstanceCount":100,"ingressSettings":"ALLOW_ALL","uri":"https://sendemail-meebfzgspq-uc.a.run.app","serviceAccountEmail":"164845165625-compute@developer.gserviceaccount.com","availableMemory":"256Mi","allTrafficOnLatestRevision":true,"revision":"sendemail-00018-fum","maxInstanceRequestConcurrency":80,"availableCpu":"1"},"state":"ACTIVE","updateTime":"2023-10-09T05:05:34.158665222Z","labels":{"deployment-tool":"cli-firebase","deployment-callable":"true","firebase-functions-hash":"5e423a8a7a644583ce6357518cfe0c00d069b5ca"},"environment":"GEN_2","url":"https://us-central1-ayuda-b2079.cloudfunctions.net/sendEmail"},{"name":"projects/ayuda-b2079/locations/us-central1/functions/deleleAccount","buildConfig":{"build":"projects/164845165625/locations/us-central1/builds/6aa63efe-6e31-4346-b084-8d64e6909e68","runtime":"nodejs18","entryPoint":"deleleAccount","source":{"storageSource":{"bucket":"gcf-v2-sources-164845165625-us-central1","object":"deleleAccount/function-source.zip","generation":"1696827875524920"}},"environmentVariables":{"GOOGLE_NODE_RUN_SCRIPTS":""},"sourceProvenance":{"resolvedStorageSource":{"bucket":"gcf-v2-sources-164845165625-us-central1","object":"deleleAccount/function-source.zip","generation":"1696827875524920"}},"dockerRegistry":"ARTIFACT_REGISTRY"},"serviceConfig":{"service":"projects/ayuda-b2079/locations/us-central1/services/deleleaccount","timeoutSeconds":60,"environmentVariables":{"RESEND_API_KEY":"re_PR6C2YML_X9KEahBcZKuZbBLZz8DNYar3","FIREBASE_CONFIG":"{\"projectId\":\"ayuda-b2079\",\"databaseURL\":\"https://ayuda-b2079.firebaseio.com\",\"storageBucket\":\"ayuda-b2079.appspot.com\",\"locationId\":\"us-central\"}","GCLOUD_PROJECT":"ayuda-b2079","EVENTARC_CLOUD_EVENT_SOURCE":"projects/ayuda-b2079/locations/us-central1/services/deleleAccount"},"maxInstanceCount":100,"ingressSettings":"ALLOW_ALL","uri":"https://deleleaccount-meebfzgspq-uc.a.run.app","serviceAccountEmail":"164845165625-compute@developer.gserviceaccount.com","availableMemory":"256Mi","allTrafficOnLatestRevision":true,"revision":"deleleaccount-00014-sal","maxInstanceRequestConcurrency":80,"availableCpu":"1"},"state":"ACTIVE","updateTime":"2023-10-09T05:05:35.253036795Z","labels":{"deployment-callable":"true","firebase-functions-hash":"5e423a8a7a644583ce6357518cfe0c00d069b5ca","deployment-tool":"cli-firebase"},"environment":"GEN_2","url":"https://us-central1-ayuda-b2079.cloudfunctions.net/deleleAccount"}]}
[info] i  functions: ensuring required API run.googleapis.com is enabled... 
[info] i  functions: ensuring required API eventarc.googleapis.com is enabled... 
[info] i  functions: ensuring required API pubsub.googleapis.com is enabled... 
[info] i  functions: ensuring required API storage.googleapis.com is enabled... 
[debug] [2023-10-09T05:10:18.523Z] >>> [apiv2][query] GET https://serviceusage.googleapis.com/v1/projects/ayuda-b2079/services/run.googleapis.com [none]
[debug] [2023-10-09T05:10:18.523Z] >>> [apiv2][(partial)header] GET https://serviceusage.googleapis.com/v1/projects/ayuda-b2079/services/run.googleapis.com x-goog-quota-user=projects/ayuda-b2079
[debug] [2023-10-09T05:10:18.524Z] >>> [apiv2][query] GET https://serviceusage.googleapis.com/v1/projects/ayuda-b2079/services/eventarc.googleapis.com [none]
[debug] [2023-10-09T05:10:18.524Z] >>> [apiv2][(partial)header] GET https://serviceusage.googleapis.com/v1/projects/ayuda-b2079/services/eventarc.googleapis.com x-goog-quota-user=projects/ayuda-b2079
[debug] [2023-10-09T05:10:18.524Z] >>> [apiv2][query] GET https://serviceusage.googleapis.com/v1/projects/ayuda-b2079/services/pubsub.googleapis.com [none]
[debug] [2023-10-09T05:10:18.524Z] >>> [apiv2][(partial)header] GET https://serviceusage.googleapis.com/v1/projects/ayuda-b2079/services/pubsub.googleapis.com x-goog-quota-user=projects/ayuda-b2079
[debug] [2023-10-09T05:10:18.525Z] >>> [apiv2][query] GET https://serviceusage.googleapis.com/v1/projects/ayuda-b2079/services/storage.googleapis.com [none]
[debug] [2023-10-09T05:10:18.525Z] >>> [apiv2][(partial)header] GET https://serviceusage.googleapis.com/v1/projects/ayuda-b2079/services/storage.googleapis.com x-goog-quota-user=projects/ayuda-b2079
[debug] [2023-10-09T05:10:18.848Z] <<< [apiv2][status] GET https://serviceusage.googleapis.com/v1/projects/ayuda-b2079/services/storage.googleapis.com 200
[debug] [2023-10-09T05:10:18.849Z] <<< [apiv2][body] GET https://serviceusage.googleapis.com/v1/projects/ayuda-b2079/services/storage.googleapis.com [omitted]
[info] ✔  functions: required API storage.googleapis.com is enabled 
[debug] [2023-10-09T05:10:18.859Z] <<< [apiv2][status] GET https://serviceusage.googleapis.com/v1/projects/ayuda-b2079/services/eventarc.googleapis.com 200
[debug] [2023-10-09T05:10:18.859Z] <<< [apiv2][body] GET https://serviceusage.googleapis.com/v1/projects/ayuda-b2079/services/eventarc.googleapis.com [omitted]
[info] ✔  functions: required API eventarc.googleapis.com is enabled 
[debug] [2023-10-09T05:10:18.862Z] <<< [apiv2][status] GET https://serviceusage.googleapis.com/v1/projects/ayuda-b2079/services/run.googleapis.com 200
[debug] [2023-10-09T05:10:18.862Z] <<< [apiv2][body] GET https://serviceusage.googleapis.com/v1/projects/ayuda-b2079/services/run.googleapis.com [omitted]
[info] ✔  functions: required API run.googleapis.com is enabled 
[debug] [2023-10-09T05:10:18.864Z] <<< [apiv2][status] GET https://serviceusage.googleapis.com/v1/projects/ayuda-b2079/services/pubsub.googleapis.com 200
[debug] [2023-10-09T05:10:18.864Z] <<< [apiv2][body] GET https://serviceusage.googleapis.com/v1/projects/ayuda-b2079/services/pubsub.googleapis.com [omitted]
[info] ✔  functions: required API pubsub.googleapis.com is enabled 
[info] i  functions: generating the service identity for pubsub.googleapis.com... 
[info] i  functions: generating the service identity for eventarc.googleapis.com... 
[debug] [2023-10-09T05:10:18.865Z] >>> [apiv2][query] POST https://serviceusage.googleapis.com/v1beta1/projects/164845165625/services/pubsub.googleapis.com:generateServiceIdentity [none]
[debug] [2023-10-09T05:10:18.867Z] >>> [apiv2][query] POST https://serviceusage.googleapis.com/v1beta1/projects/164845165625/services/eventarc.googleapis.com:generateServiceIdentity [none]
[debug] [2023-10-09T05:10:19.406Z] <<< [apiv2][status] POST https://serviceusage.googleapis.com/v1beta1/projects/164845165625/services/eventarc.googleapis.com:generateServiceIdentity 200
[debug] [2023-10-09T05:10:19.407Z] <<< [apiv2][body] POST https://serviceusage.googleapis.com/v1beta1/projects/164845165625/services/eventarc.googleapis.com:generateServiceIdentity {"name":"operations/finished.DONE_OPERATION","done":true,"response":{"@type":"type.googleapis.com/google.api.serviceusage.v1beta1.ServiceIdentity","email":"service-164845165625@gcp-sa-eventarc.iam.gserviceaccount.com","uniqueId":"104921413109254044483"}}
[debug] [2023-10-09T05:10:19.411Z] <<< [apiv2][status] POST https://serviceusage.googleapis.com/v1beta1/projects/164845165625/services/pubsub.googleapis.com:generateServiceIdentity 200
[debug] [2023-10-09T05:10:19.411Z] <<< [apiv2][body] POST https://serviceusage.googleapis.com/v1beta1/projects/164845165625/services/pubsub.googleapis.com:generateServiceIdentity {"name":"operations/finished.DONE_OPERATION","done":true,"response":{"@type":"type.googleapis.com/google.api.serviceusage.v1beta1.ServiceIdentity","email":"service-164845165625@gcp-sa-pubsub.iam.gserviceaccount.com","uniqueId":"103309869240850992543"}}
[debug] [2023-10-09T05:10:19.414Z] >>> [apiv2][query] GET https://firebase.googleapis.com/v1beta1/projects/ayuda-b2079 [none]
[debug] [2023-10-09T05:10:19.613Z] <<< [apiv2][status] GET https://firebase.googleapis.com/v1beta1/projects/ayuda-b2079 200
[debug] [2023-10-09T05:10:19.613Z] <<< [apiv2][body] GET https://firebase.googleapis.com/v1beta1/projects/ayuda-b2079 {"projectId":"ayuda-b2079","projectNumber":"164845165625","displayName":"ayuda","name":"projects/ayuda-b2079","resources":{"hostingSite":"ayuda-b2079","realtimeDatabaseInstance":"ayuda-b2079","storageBucket":"ayuda-b2079.appspot.com","locationId":"us-central"},"state":"ACTIVE","etag":"1_3b9a7d1f-f87c-4096-abaa-a1b61f801116"}
[debug] [2023-10-09T05:10:19.616Z] >>> [apiv2][query] POST https://cloudfunctions.googleapis.com/v2/projects/ayuda-b2079/locations/us-central1/functions:generateUploadUrl [none]
[debug] [2023-10-09T05:10:19.892Z] <<< [apiv2][status] POST https://cloudfunctions.googleapis.com/v2/projects/ayuda-b2079/locations/us-central1/functions:generateUploadUrl 200
[debug] [2023-10-09T05:10:19.892Z] <<< [apiv2][body] POST https://cloudfunctions.googleapis.com/v2/projects/ayuda-b2079/locations/us-central1/functions:generateUploadUrl {"uploadUrl":"https://storage.googleapis.com/gcf-v2-uploads-164845165625-us-central1/f5d89fe7-4ce9-425d-ab69-be2b96e04f75.zip?GoogleAccessId=service-164845165625@gcf-admin-robot.iam.gserviceaccount.com&Expires=1696830019&Signature=BzXJfo3pvn5%2BgFGaqNkugEjbZELhySslCh1MdnfLfA1h6fQdbsADQM2%2FG9RIrfiQwmVw6TlNX1pLcFEBm2yJmc8edejQeDSBfmhRl4%2Bd9CA2Lyezkc4a7wYIfsUIFn8r8ahLtwLr6h%2FuVFHwLzNrGcdByEn3YbW%2FTwLQQ%2BsmGdZozA6cWxK9FX36C5KLdaJvOply1dwASKKpLFnZOsf6IfcI9tkWIf7devbhjplREYOFqLX2e2sctmoYu5I2RxuFrmAfhoPY88%2FBXPr1mZ7Wxpak4slY3308Y74sL7ljwcqLRmQwaJBZv0%2FT3Wt4ixZzMA%2Fiy4GvRtE9iWpk41pQNw%3D%3D","storageSource":{"bucket":"gcf-v2-uploads-164845165625-us-central1","object":"f5d89fe7-4ce9-425d-ab69-be2b96e04f75.zip"}}
[debug] [2023-10-09T05:10:19.894Z] >>> [apiv2][query] PUT https://storage.googleapis.com/gcf-v2-uploads-164845165625-us-central1/f5d89fe7-4ce9-425d-ab69-be2b96e04f75.zip GoogleAccessId=service-164845165625%40gcf-admin-robot.iam.gserviceaccount.com&Expires=1696830019&Signature=BzXJfo3pvn5%2BgFGaqNkugEjbZELhySslCh1MdnfLfA1h6fQdbsADQM2%2FG9RIrfiQwmVw6TlNX1pLcFEBm2yJmc8edejQeDSBfmhRl4%2Bd9CA2Lyezkc4a7wYIfsUIFn8r8ahLtwLr6h%2FuVFHwLzNrGcdByEn3YbW%2FTwLQQ%2BsmGdZozA6cWxK9FX36C5KLdaJvOply1dwASKKpLFnZOsf6IfcI9tkWIf7devbhjplREYOFqLX2e2sctmoYu5I2RxuFrmAfhoPY88%2FBXPr1mZ7Wxpak4slY3308Y74sL7ljwcqLRmQwaJBZv0%2FT3Wt4ixZzMA%2Fiy4GvRtE9iWpk41pQNw%3D%3D
[debug] [2023-10-09T05:10:19.894Z] >>> [apiv2][body] PUT https://storage.googleapis.com/gcf-v2-uploads-164845165625-us-central1/f5d89fe7-4ce9-425d-ab69-be2b96e04f75.zip [stream]
[debug] [2023-10-09T05:10:20.114Z] <<< [apiv2][status] PUT https://storage.googleapis.com/gcf-v2-uploads-164845165625-us-central1/f5d89fe7-4ce9-425d-ab69-be2b96e04f75.zip 200
[debug] [2023-10-09T05:10:20.115Z] <<< [apiv2][body] PUT https://storage.googleapis.com/gcf-v2-uploads-164845165625-us-central1/f5d89fe7-4ce9-425d-ab69-be2b96e04f75.zip [omitted]
[info] ✔  functions: functions folder uploaded successfully 
[info] i  functions: updating Node.js 18 (2nd Gen) function deleleAccount(us-central1)... 
[info] i  functions: updating Node.js 18 (2nd Gen) function sendEmail(us-central1)... 
[debug] [2023-10-09T05:10:20.124Z] >>> [apiv2][query] PATCH https://cloudfunctions.googleapis.com/v2/projects/ayuda-b2079/locations/us-central1/functions/deleleAccount updateMask=name%2CbuildConfig.runtime%2CbuildConfig.entryPoint%2CbuildConfig.source.storageSource.bucket%2CbuildConfig.source.storageSource.object%2CbuildConfig.environmentVariables%2CserviceConfig.environmentVariables%2CserviceConfig.ingressSettings%2CserviceConfig.timeoutSeconds%2CserviceConfig.serviceAccountEmail%2CserviceConfig.availableMemory%2CserviceConfig.minInstanceCount%2CserviceConfig.maxInstanceCount%2CserviceConfig.maxInstanceRequestConcurrency%2CserviceConfig.availableCpu%2CserviceConfig.vpcConnector%2CserviceConfig.vpcConnectorEgressSettings%2Clabels%2CbuildConfig.buildEnvironmentVariables
[debug] [2023-10-09T05:10:20.124Z] >>> [apiv2][body] PATCH https://cloudfunctions.googleapis.com/v2/projects/ayuda-b2079/locations/us-central1/functions/deleleAccount {"name":"projects/ayuda-b2079/locations/us-central1/functions/deleleAccount","buildConfig":{"runtime":"nodejs18","entryPoint":"deleleAccount","source":{"storageSource":{"bucket":"gcf-v2-uploads-164845165625-us-central1","object":"f5d89fe7-4ce9-425d-ab69-be2b96e04f75.zip"}},"environmentVariables":{"GOOGLE_NODE_RUN_SCRIPTS":""}},"serviceConfig":{"environmentVariables":{"RESEND_API_KEY":"re_PR6C2YML_X9KEahBcZKuZbBLZz8DNYar3","FIREBASE_CONFIG":"{\"projectId\":\"ayuda-b2079\",\"databaseURL\":\"https://ayuda-b2079.firebaseio.com\",\"storageBucket\":\"ayuda-b2079.appspot.com\",\"locationId\":\"us-central\"}","GCLOUD_PROJECT":"ayuda-b2079","EVENTARC_CLOUD_EVENT_SOURCE":"projects/ayuda-b2079/locations/us-central1/services/deleleAccount"},"ingressSettings":null,"timeoutSeconds":null,"serviceAccountEmail":null,"availableMemory":"256Mi","minInstanceCount":null,"maxInstanceCount":null,"maxInstanceRequestConcurrency":80,"availableCpu":"1","vpcConnector":null,"vpcConnectorEgressSettings":null},"labels":{"deployment-tool":"cli-firebase","deployment-callable":"true","firebase-functions-hash":"ad64f9ae3818c2099e5c4c7e32c93169d20ea524"}}
[debug] [2023-10-09T05:10:20.127Z] >>> [apiv2][query] PATCH https://cloudfunctions.googleapis.com/v2/projects/ayuda-b2079/locations/us-central1/functions/sendEmail updateMask=name%2CbuildConfig.runtime%2CbuildConfig.entryPoint%2CbuildConfig.source.storageSource.bucket%2CbuildConfig.source.storageSource.object%2CbuildConfig.environmentVariables%2CserviceConfig.environmentVariables%2CserviceConfig.ingressSettings%2CserviceConfig.timeoutSeconds%2CserviceConfig.serviceAccountEmail%2CserviceConfig.availableMemory%2CserviceConfig.minInstanceCount%2CserviceConfig.maxInstanceCount%2CserviceConfig.maxInstanceRequestConcurrency%2CserviceConfig.availableCpu%2CserviceConfig.vpcConnector%2CserviceConfig.vpcConnectorEgressSettings%2Clabels%2CbuildConfig.buildEnvironmentVariables
[debug] [2023-10-09T05:10:20.127Z] >>> [apiv2][body] PATCH https://cloudfunctions.googleapis.com/v2/projects/ayuda-b2079/locations/us-central1/functions/sendEmail {"name":"projects/ayuda-b2079/locations/us-central1/functions/sendEmail","buildConfig":{"runtime":"nodejs18","entryPoint":"sendEmail","source":{"storageSource":{"bucket":"gcf-v2-uploads-164845165625-us-central1","object":"f5d89fe7-4ce9-425d-ab69-be2b96e04f75.zip"}},"environmentVariables":{"GOOGLE_NODE_RUN_SCRIPTS":""}},"serviceConfig":{"environmentVariables":{"RESEND_API_KEY":"re_PR6C2YML_X9KEahBcZKuZbBLZz8DNYar3","FIREBASE_CONFIG":"{\"projectId\":\"ayuda-b2079\",\"databaseURL\":\"https://ayuda-b2079.firebaseio.com\",\"storageBucket\":\"ayuda-b2079.appspot.com\",\"locationId\":\"us-central\"}","GCLOUD_PROJECT":"ayuda-b2079","EVENTARC_CLOUD_EVENT_SOURCE":"projects/ayuda-b2079/locations/us-central1/services/sendEmail"},"ingressSettings":null,"timeoutSeconds":null,"serviceAccountEmail":null,"availableMemory":"256Mi","minInstanceCount":null,"maxInstanceCount":null,"maxInstanceRequestConcurrency":80,"availableCpu":"1","vpcConnector":null,"vpcConnectorEgressSettings":null},"labels":{"deployment-tool":"cli-firebase","deployment-callable":"true","firebase-functions-hash":"ad64f9ae3818c2099e5c4c7e32c93169d20ea524"}}
[debug] [2023-10-09T05:10:21.114Z] <<< [apiv2][status] PATCH https://cloudfunctions.googleapis.com/v2/projects/ayuda-b2079/locations/us-central1/functions/sendEmail 200
[debug] [2023-10-09T05:10:21.114Z] <<< [apiv2][body] PATCH https://cloudfunctions.googleapis.com/v2/projects/ayuda-b2079/locations/us-central1/functions/sendEmail {"name":"projects/ayuda-b2079/locations/us-central1/operations/operation-1696828220334-607419b51632c-9f216bca-6eda6bf7","metadata":{"@type":"type.googleapis.com/google.cloud.functions.v2.OperationMetadata","createTime":"2023-10-09T05:10:21.080481399Z","target":"projects/ayuda-b2079/locations/us-central1/functions/sendEmail","verb":"update","cancelRequested":false,"apiVersion":"v2"},"done":false}
[debug] [2023-10-09T05:10:21.115Z] >>> [apiv2][query] GET https://cloudfunctions.googleapis.com/v2/projects/ayuda-b2079/locations/us-central1/operations/operation-1696828220334-607419b51632c-9f216bca-6eda6bf7 [none]
[debug] [2023-10-09T05:10:21.122Z] <<< [apiv2][status] PATCH https://cloudfunctions.googleapis.com/v2/projects/ayuda-b2079/locations/us-central1/functions/deleleAccount 200
[debug] [2023-10-09T05:10:21.122Z] <<< [apiv2][body] PATCH https://cloudfunctions.googleapis.com/v2/projects/ayuda-b2079/locations/us-central1/functions/deleleAccount {"name":"projects/ayuda-b2079/locations/us-central1/operations/operation-1696828220322-607419b5133aa-4fd6b32e-2d9e3038","metadata":{"@type":"type.googleapis.com/google.cloud.functions.v2.OperationMetadata","createTime":"2023-10-09T05:10:21.090939237Z","target":"projects/ayuda-b2079/locations/us-central1/functions/deleleAccount","verb":"update","cancelRequested":false,"apiVersion":"v2"},"done":false}
[debug] [2023-10-09T05:10:21.122Z] >>> [apiv2][query] GET https://cloudfunctions.googleapis.com/v2/projects/ayuda-b2079/locations/us-central1/operations/operation-1696828220322-607419b5133aa-4fd6b32e-2d9e3038 [none]
[debug] [2023-10-09T05:10:21.326Z] <<< [apiv2][status] GET https://cloudfunctions.googleapis.com/v2/projects/ayuda-b2079/locations/us-central1/operations/operation-1696828220334-607419b51632c-9f216bca-6eda6bf7 200
[debug] [2023-10-09T05:10:21.327Z] <<< [apiv2][body] GET https://cloudfunctions.googleapis.com/v2/projects/ayuda-b2079/locations/us-central1/operations/operation-1696828220334-607419b51632c-9f216bca-6eda6bf7 {"name":"projects/ayuda-b2079/locations/us-central1/operations/operation-1696828220334-607419b51632c-9f216bca-6eda6bf7","metadata":{"@type":"type.googleapis.com/google.cloud.functions.v2.OperationMetadata","createTime":"2023-10-09T05:10:21.080481399Z","target":"projects/ayuda-b2079/locations/us-central1/functions/sendEmail","verb":"update","cancelRequested":false,"apiVersion":"v2","requestResource":{"@type":"type.googleapis.com/google.cloud.functions.v2.Function","name":"projects/ayuda-b2079/locations/us-central1/functions/sendEmail","buildConfig":{"runtime":"nodejs18","entryPoint":"sendEmail","source":{"storageSource":{"bucket":"gcf-v2-sources-164845165625-us-central1","object":"sendEmail/function-source.zip","generation":"1696828221039732"}},"environmentVariables":{"GOOGLE_NODE_RUN_SCRIPTS":""},"sourceProvenance":{"resolvedStorageSource":{"bucket":"gcf-v2-sources-164845165625-us-central1","object":"sendEmail/function-source.zip","generation":"1696827875528566"}},"dockerRegistry":"ARTIFACT_REGISTRY"},"serviceConfig":{"service":"projects/ayuda-b2079/locations/us-central1/services/sendemail","timeoutSeconds":60,"environmentVariables":{"RESEND_API_KEY":"re_PR6C2YML_X9KEahBcZKuZbBLZz8DNYar3","FIREBASE_CONFIG":"{\"projectId\":\"ayuda-b2079\",\"databaseURL\":\"https://ayuda-b2079.firebaseio.com\",\"storageBucket\":\"ayuda-b2079.appspot.com\",\"locationId\":\"us-central\"}","GCLOUD_PROJECT":"ayuda-b2079","EVENTARC_CLOUD_EVENT_SOURCE":"projects/ayuda-b2079/locations/us-central1/services/sendEmail"},"maxInstanceCount":100,"ingressSettings":"ALLOW_ALL","uri":"https://sendemail-meebfzgspq-uc.a.run.app","serviceAccountEmail":"164845165625-compute@developer.gserviceaccount.com","availableMemory":"256Mi","allTrafficOnLatestRevision":true,"revision":"sendemail-00018-fum","maxInstanceRequestConcurrency":80,"availableCpu":"1"},"state":"ACTIVE","labels":{"deployment-tool":"cli-firebase","deployment-callable":"true","firebase-functions-hash":"ad64f9ae3818c2099e5c4c7e32c93169d20ea524"},"environment":"GEN_2","url":"https://us-central1-ayuda-b2079.cloudfunctions.net/sendEmail"},"stages":[{"name":"BUILD","state":"NOT_STARTED"},{"name":"SERVICE","state":"NOT_STARTED"}]},"done":false}
[debug] [2023-10-09T05:10:21.345Z] <<< [apiv2][status] GET https://cloudfunctions.googleapis.com/v2/projects/ayuda-b2079/locations/us-central1/operations/operation-1696828220322-607419b5133aa-4fd6b32e-2d9e3038 200
[debug] [2023-10-09T05:10:21.345Z] <<< [apiv2][body] GET https://cloudfunctions.googleapis.com/v2/projects/ayuda-b2079/locations/us-central1/operations/operation-1696828220322-607419b5133aa-4fd6b32e-2d9e3038 {"name":"projects/ayuda-b2079/locations/us-central1/operations/operation-1696828220322-607419b5133aa-4fd6b32e-2d9e3038","metadata":{"@type":"type.googleapis.com/google.cloud.functions.v2.OperationMetadata","createTime":"2023-10-09T05:10:21.090939237Z","target":"projects/ayuda-b2079/locations/us-central1/functions/deleleAccount","verb":"update","cancelRequested":false,"apiVersion":"v2","requestResource":{"@type":"type.googleapis.com/google.cloud.functions.v2.Function","name":"projects/ayuda-b2079/locations/us-central1/functions/deleleAccount","buildConfig":{"runtime":"nodejs18","entryPoint":"deleleAccount","source":{"storageSource":{"bucket":"gcf-v2-sources-164845165625-us-central1","object":"deleleAccount/function-source.zip","generation":"1696828221041037"}},"environmentVariables":{"GOOGLE_NODE_RUN_SCRIPTS":""},"sourceProvenance":{"resolvedStorageSource":{"bucket":"gcf-v2-sources-164845165625-us-central1","object":"deleleAccount/function-source.zip","generation":"1696827875524920"}},"dockerRegistry":"ARTIFACT_REGISTRY"},"serviceConfig":{"service":"projects/ayuda-b2079/locations/us-central1/services/deleleaccount","timeoutSeconds":60,"environmentVariables":{"RESEND_API_KEY":"re_PR6C2YML_X9KEahBcZKuZbBLZz8DNYar3","FIREBASE_CONFIG":"{\"projectId\":\"ayuda-b2079\",\"databaseURL\":\"https://ayuda-b2079.firebaseio.com\",\"storageBucket\":\"ayuda-b2079.appspot.com\",\"locationId\":\"us-central\"}","GCLOUD_PROJECT":"ayuda-b2079","EVENTARC_CLOUD_EVENT_SOURCE":"projects/ayuda-b2079/locations/us-central1/services/deleleAccount"},"maxInstanceCount":100,"ingressSettings":"ALLOW_ALL","uri":"https://deleleaccount-meebfzgspq-uc.a.run.app","serviceAccountEmail":"164845165625-compute@developer.gserviceaccount.com","availableMemory":"256Mi","allTrafficOnLatestRevision":true,"revision":"deleleaccount-00014-sal","maxInstanceRequestConcurrency":80,"availableCpu":"1"},"state":"ACTIVE","labels":{"deployment-tool":"cli-firebase","deployment-callable":"true","firebase-functions-hash":"ad64f9ae3818c2099e5c4c7e32c93169d20ea524"},"environment":"GEN_2","url":"https://us-central1-ayuda-b2079.cloudfunctions.net/deleleAccount"},"stages":[{"name":"BUILD","state":"NOT_STARTED"},{"name":"SERVICE","state":"NOT_STARTED"}]},"done":false}
[debug] [2023-10-09T05:10:21.828Z] [update-default-us-central1-sendEmail] Retrying task index 0
[debug] [2023-10-09T05:10:21.829Z] >>> [apiv2][query] GET https://cloudfunctions.googleapis.com/v2/projects/ayuda-b2079/locations/us-central1/operations/operation-1696828220334-607419b51632c-9f216bca-6eda6bf7 [none]
[debug] [2023-10-09T05:10:21.847Z] [update-default-us-central1-deleleAccount] Retrying task index 0
[debug] [2023-10-09T05:10:21.847Z] >>> [apiv2][query] GET https://cloudfunctions.googleapis.com/v2/projects/ayuda-b2079/locations/us-central1/operations/operation-1696828220322-607419b5133aa-4fd6b32e-2d9e3038 [none]
[debug] [2023-10-09T05:10:22.037Z] <<< [apiv2][status] GET https://cloudfunctions.googleapis.com/v2/projects/ayuda-b2079/locations/us-central1/operations/operation-1696828220334-607419b51632c-9f216bca-6eda6bf7 200
[debug] [2023-10-09T05:10:22.037Z] <<< [apiv2][body] GET https://cloudfunctions.googleapis.com/v2/projects/ayuda-b2079/locations/us-central1/operations/operation-1696828220334-607419b51632c-9f216bca-6eda6bf7 {"name":"projects/ayuda-b2079/locations/us-central1/operations/operation-1696828220334-607419b51632c-9f216bca-6eda6bf7","metadata":{"@type":"type.googleapis.com/google.cloud.functions.v2.OperationMetadata","createTime":"2023-10-09T05:10:21.080481399Z","target":"projects/ayuda-b2079/locations/us-central1/functions/sendEmail","verb":"update","cancelRequested":false,"apiVersion":"v2","requestResource":{"@type":"type.googleapis.com/google.cloud.functions.v2.Function","name":"projects/ayuda-b2079/locations/us-central1/functions/sendEmail","buildConfig":{"runtime":"nodejs18","entryPoint":"sendEmail","source":{"storageSource":{"bucket":"gcf-v2-sources-164845165625-us-central1","object":"sendEmail/function-source.zip","generation":"1696828221039732"}},"environmentVariables":{"GOOGLE_NODE_RUN_SCRIPTS":""},"sourceProvenance":{"resolvedStorageSource":{"bucket":"gcf-v2-sources-164845165625-us-central1","object":"sendEmail/function-source.zip","generation":"1696827875528566"}},"dockerRegistry":"ARTIFACT_REGISTRY"},"serviceConfig":{"service":"projects/ayuda-b2079/locations/us-central1/services/sendemail","timeoutSeconds":60,"environmentVariables":{"RESEND_API_KEY":"re_PR6C2YML_X9KEahBcZKuZbBLZz8DNYar3","FIREBASE_CONFIG":"{\"projectId\":\"ayuda-b2079\",\"databaseURL\":\"https://ayuda-b2079.firebaseio.com\",\"storageBucket\":\"ayuda-b2079.appspot.com\",\"locationId\":\"us-central\"}","GCLOUD_PROJECT":"ayuda-b2079","EVENTARC_CLOUD_EVENT_SOURCE":"projects/ayuda-b2079/locations/us-central1/services/sendEmail"},"maxInstanceCount":100,"ingressSettings":"ALLOW_ALL","uri":"https://sendemail-meebfzgspq-uc.a.run.app","serviceAccountEmail":"164845165625-compute@developer.gserviceaccount.com","availableMemory":"256Mi","allTrafficOnLatestRevision":true,"revision":"sendemail-00018-fum","maxInstanceRequestConcurrency":80,"availableCpu":"1"},"state":"ACTIVE","labels":{"deployment-tool":"cli-firebase","deployment-callable":"true","firebase-functions-hash":"ad64f9ae3818c2099e5c4c7e32c93169d20ea524"},"environment":"GEN_2","url":"https://us-central1-ayuda-b2079.cloudfunctions.net/sendEmail"},"stages":[{"name":"BUILD","message":"Build in progress","state":"IN_PROGRESS","resource":"projects/164845165625/locations/us-central1/builds/b6cdb01b-c22a-4827-919a-554124bb19a7","resourceUri":"https://console.cloud.google.com/cloud-build/builds;region=us-central1/b6cdb01b-c22a-4827-919a-554124bb19a7?project=164845165625"},{"name":"SERVICE","state":"NOT_STARTED"}]},"done":false}
[debug] [2023-10-09T05:10:22.060Z] <<< [apiv2][status] GET https://cloudfunctions.googleapis.com/v2/projects/ayuda-b2079/locations/us-central1/operations/operation-1696828220322-607419b5133aa-4fd6b32e-2d9e3038 200
[debug] [2023-10-09T05:10:22.060Z] <<< [apiv2][body] GET https://cloudfunctions.googleapis.com/v2/projects/ayuda-b2079/locations/us-central1/operations/operation-1696828220322-607419b5133aa-4fd6b32e-2d9e3038 {"name":"projects/ayuda-b2079/locations/us-central1/operations/operation-1696828220322-607419b5133aa-4fd6b32e-2d9e3038","metadata":{"@type":"type.googleapis.com/google.cloud.functions.v2.OperationMetadata","createTime":"2023-10-09T05:10:21.090939237Z","target":"projects/ayuda-b2079/locations/us-central1/functions/deleleAccount","verb":"update","cancelRequested":false,"apiVersion":"v2","requestResource":{"@type":"type.googleapis.com/google.cloud.functions.v2.Function","name":"projects/ayuda-b2079/locations/us-central1/functions/deleleAccount","buildConfig":{"runtime":"nodejs18","entryPoint":"deleleAccount","source":{"storageSource":{"bucket":"gcf-v2-sources-164845165625-us-central1","object":"deleleAccount/function-source.zip","generation":"1696828221041037"}},"environmentVariables":{"GOOGLE_NODE_RUN_SCRIPTS":""},"sourceProvenance":{"resolvedStorageSource":{"bucket":"gcf-v2-sources-164845165625-us-central1","object":"deleleAccount/function-source.zip","generation":"1696827875524920"}},"dockerRegistry":"ARTIFACT_REGISTRY"},"serviceConfig":{"service":"projects/ayuda-b2079/locations/us-central1/services/deleleaccount","timeoutSeconds":60,"environmentVariables":{"RESEND_API_KEY":"re_PR6C2YML_X9KEahBcZKuZbBLZz8DNYar3","FIREBASE_CONFIG":"{\"projectId\":\"ayuda-b2079\",\"databaseURL\":\"https://ayuda-b2079.firebaseio.com\",\"storageBucket\":\"ayuda-b2079.appspot.com\",\"locationId\":\"us-central\"}","GCLOUD_PROJECT":"ayuda-b2079","EVENTARC_CLOUD_EVENT_SOURCE":"projects/ayuda-b2079/locations/us-central1/services/deleleAccount"},"maxInstanceCount":100,"ingressSettings":"ALLOW_ALL","uri":"https://deleleaccount-meebfzgspq-uc.a.run.app","serviceAccountEmail":"164845165625-compute@developer.gserviceaccount.com","availableMemory":"256Mi","allTrafficOnLatestRevision":true,"revision":"deleleaccount-00014-sal","maxInstanceRequestConcurrency":80,"availableCpu":"1"},"state":"ACTIVE","labels":{"deployment-tool":"cli-firebase","deployment-callable":"true","firebase-functions-hash":"ad64f9ae3818c2099e5c4c7e32c93169d20ea524"},"environment":"GEN_2","url":"https://us-central1-ayuda-b2079.cloudfunctions.net/deleleAccount"},"stages":[{"name":"BUILD","message":"Build in progress","state":"IN_PROGRESS","resource":"projects/164845165625/locations/us-central1/builds/4b4628ea-6fd4-4823-94d8-1ede128d0eee","resourceUri":"https://console.cloud.google.com/cloud-build/builds;region=us-central1/4b4628ea-6fd4-4823-94d8-1ede128d0eee?project=164845165625"},{"name":"SERVICE","state":"NOT_STARTED"}]},"done":false}
[debug] [2023-10-09T05:10:23.039Z] [update-default-us-central1-sendEmail] Retrying task index 0
[debug] [2023-10-09T05:10:23.040Z] >>> [apiv2][query] GET https://cloudfunctions.googleapis.com/v2/projects/ayuda-b2079/locations/us-central1/operations/operation-1696828220334-607419b51632c-9f216bca-6eda6bf7 [none]
[debug] [2023-10-09T05:10:23.062Z] [update-default-us-central1-deleleAccount] Retrying task index 0
[debug] [2023-10-09T05:10:23.062Z] >>> [apiv2][query] GET https://cloudfunctions.googleapis.com/v2/projects/ayuda-b2079/locations/us-central1/operations/operation-1696828220322-607419b5133aa-4fd6b32e-2d9e3038 [none]
[debug] [2023-10-09T05:10:23.231Z] <<< [apiv2][status] GET https://cloudfunctions.googleapis.com/v2/projects/ayuda-b2079/locations/us-central1/operations/operation-1696828220334-607419b51632c-9f216bca-6eda6bf7 200
[debug] [2023-10-09T05:10:23.232Z] <<< [apiv2][body] GET https://cloudfunctions.googleapis.com/v2/projects/ayuda-b2079/locations/us-central1/operations/operation-1696828220334-607419b51632c-9f216bca-6eda6bf7 {"name":"projects/ayuda-b2079/locations/us-central1/operations/operation-1696828220334-607419b51632c-9f216bca-6eda6bf7","metadata":{"@type":"type.googleapis.com/google.cloud.functions.v2.OperationMetadata","createTime":"2023-10-09T05:10:21.080481399Z","target":"projects/ayuda-b2079/locations/us-central1/functions/sendEmail","verb":"update","cancelRequested":false,"apiVersion":"v2","requestResource":{"@type":"type.googleapis.com/google.cloud.functions.v2.Function","name":"projects/ayuda-b2079/locations/us-central1/functions/sendEmail","buildConfig":{"runtime":"nodejs18","entryPoint":"sendEmail","source":{"storageSource":{"bucket":"gcf-v2-sources-164845165625-us-central1","object":"sendEmail/function-source.zip","generation":"1696828221039732"}},"environmentVariables":{"GOOGLE_NODE_RUN_SCRIPTS":""},"sourceProvenance":{"resolvedStorageSource":{"bucket":"gcf-v2-sources-164845165625-us-central1","object":"sendEmail/function-source.zip","generation":"1696827875528566"}},"dockerRegistry":"ARTIFACT_REGISTRY"},"serviceConfig":{"service":"projects/ayuda-b2079/locations/us-central1/services/sendemail","timeoutSeconds":60,"environmentVariables":{"RESEND_API_KEY":"re_PR6C2YML_X9KEahBcZKuZbBLZz8DNYar3","FIREBASE_CONFIG":"{\"projectId\":\"ayuda-b2079\",\"databaseURL\":\"https://ayuda-b2079.firebaseio.com\",\"storageBucket\":\"ayuda-b2079.appspot.com\",\"locationId\":\"us-central\"}","GCLOUD_PROJECT":"ayuda-b2079","EVENTARC_CLOUD_EVENT_SOURCE":"projects/ayuda-b2079/locations/us-central1/services/sendEmail"},"maxInstanceCount":100,"ingressSettings":"ALLOW_ALL","uri":"https://sendemail-meebfzgspq-uc.a.run.app","serviceAccountEmail":"164845165625-compute@developer.gserviceaccount.com","availableMemory":"256Mi","allTrafficOnLatestRevision":true,"revision":"sendemail-00018-fum","maxInstanceRequestConcurrency":80,"availableCpu":"1"},"state":"ACTIVE","labels":{"deployment-tool":"cli-firebase","deployment-callable":"true","firebase-functions-hash":"ad64f9ae3818c2099e5c4c7e32c93169d20ea524"},"environment":"GEN_2","url":"https://us-central1-ayuda-b2079.cloudfunctions.net/sendEmail"},"stages":[{"name":"BUILD","message":"Build in progress","state":"IN_PROGRESS","resource":"projects/164845165625/locations/us-central1/builds/b6cdb01b-c22a-4827-919a-554124bb19a7","resourceUri":"https://console.cloud.google.com/cloud-build/builds;region=us-central1/b6cdb01b-c22a-4827-919a-554124bb19a7?project=164845165625"},{"name":"SERVICE","state":"NOT_STARTED"}]},"done":false}
[debug] [2023-10-09T05:10:23.270Z] <<< [apiv2][status] GET https://cloudfunctions.googleapis.com/v2/projects/ayuda-b2079/locations/us-central1/operations/operation-1696828220322-607419b5133aa-4fd6b32e-2d9e3038 200
[debug] [2023-10-09T05:10:23.270Z] <<< [apiv2][body] GET https://cloudfunctions.googleapis.com/v2/projects/ayuda-b2079/locations/us-central1/operations/operation-1696828220322-607419b5133aa-4fd6b32e-2d9e3038 {"name":"projects/ayuda-b2079/locations/us-central1/operations/operation-1696828220322-607419b5133aa-4fd6b32e-2d9e3038","metadata":{"@type":"type.googleapis.com/google.cloud.functions.v2.OperationMetadata","createTime":"2023-10-09T05:10:21.090939237Z","target":"projects/ayuda-b2079/locations/us-central1/functions/deleleAccount","verb":"update","cancelRequested":false,"apiVersion":"v2","requestResource":{"@type":"type.googleapis.com/google.cloud.functions.v2.Function","name":"projects/ayuda-b2079/locations/us-central1/functions/deleleAccount","buildConfig":{"runtime":"nodejs18","entryPoint":"deleleAccount","source":{"storageSource":{"bucket":"gcf-v2-sources-164845165625-us-central1","object":"deleleAccount/function-source.zip","generation":"1696828221041037"}},"environmentVariables":{"GOOGLE_NODE_RUN_SCRIPTS":""},"sourceProvenance":{"resolvedStorageSource":{"bucket":"gcf-v2-sources-164845165625-us-central1","object":"deleleAccount/function-source.zip","generation":"1696827875524920"}},"dockerRegistry":"ARTIFACT_REGISTRY"},"serviceConfig":{"service":"projects/ayuda-b2079/locations/us-central1/services/deleleaccount","timeoutSeconds":60,"environmentVariables":{"RESEND_API_KEY":"re_PR6C2YML_X9KEahBcZKuZbBLZz8DNYar3","FIREBASE_CONFIG":"{\"projectId\":\"ayuda-b2079\",\"databaseURL\":\"https://ayuda-b2079.firebaseio.com\",\"storageBucket\":\"ayuda-b2079.appspot.com\",\"locationId\":\"us-central\"}","GCLOUD_PROJECT":"ayuda-b2079","EVENTARC_CLOUD_EVENT_SOURCE":"projects/ayuda-b2079/locations/us-central1/services/deleleAccount"},"maxInstanceCount":100,"ingressSettings":"ALLOW_ALL","uri":"https://deleleaccount-meebfzgspq-uc.a.run.app","serviceAccountEmail":"164845165625-compute@developer.gserviceaccount.com","availableMemory":"256Mi","allTrafficOnLatestRevision":true,"revision":"deleleaccount-00014-sal","maxInstanceRequestConcurrency":80,"availableCpu":"1"},"state":"ACTIVE","labels":{"deployment-tool":"cli-firebase","deployment-callable":"true","firebase-functions-hash":"ad64f9ae3818c2099e5c4c7e32c93169d20ea524"},"environment":"GEN_2","url":"https://us-central1-ayuda-b2079.cloudfunctions.net/deleleAccount"},"stages":[{"name":"BUILD","message":"Build in progress","state":"IN_PROGRESS","resource":"projects/164845165625/locations/us-central1/builds/4b4628ea-6fd4-4823-94d8-1ede128d0eee","resourceUri":"https://console.cloud.google.com/cloud-build/builds;region=us-central1/4b4628ea-6fd4-4823-94d8-1ede128d0eee?project=164845165625"},{"name":"SERVICE","state":"NOT_STARTED"}]},"done":false}
[debug] [2023-10-09T05:10:25.232Z] [update-default-us-central1-sendEmail] Retrying task index 0
[debug] [2023-10-09T05:10:25.233Z] >>> [apiv2][query] GET https://cloudfunctions.googleapis.com/v2/projects/ayuda-b2079/locations/us-central1/operations/operation-1696828220334-607419b51632c-9f216bca-6eda6bf7 [none]
[debug] [2023-10-09T05:10:25.272Z] [update-default-us-central1-deleleAccount] Retrying task index 0
[debug] [2023-10-09T05:10:25.272Z] >>> [apiv2][query] GET https://cloudfunctions.googleapis.com/v2/projects/ayuda-b2079/locations/us-central1/operations/operation-1696828220322-607419b5133aa-4fd6b32e-2d9e3038 [none]
[debug] [2023-10-09T05:10:25.439Z] <<< [apiv2][status] GET https://cloudfunctions.googleapis.com/v2/projects/ayuda-b2079/locations/us-central1/operations/operation-1696828220334-607419b51632c-9f216bca-6eda6bf7 200
[debug] [2023-10-09T05:10:25.440Z] <<< [apiv2][body] GET https://cloudfunctions.googleapis.com/v2/projects/ayuda-b2079/locations/us-central1/operations/operation-1696828220334-607419b51632c-9f216bca-6eda6bf7 {"name":"projects/ayuda-b2079/locations/us-central1/operations/operation-1696828220334-607419b51632c-9f216bca-6eda6bf7","metadata":{"@type":"type.googleapis.com/google.cloud.functions.v2.OperationMetadata","createTime":"2023-10-09T05:10:21.080481399Z","target":"projects/ayuda-b2079/locations/us-central1/functions/sendEmail","verb":"update","cancelRequested":false,"apiVersion":"v2","requestResource":{"@type":"type.googleapis.com/google.cloud.functions.v2.Function","name":"projects/ayuda-b2079/locations/us-central1/functions/sendEmail","buildConfig":{"runtime":"nodejs18","entryPoint":"sendEmail","source":{"storageSource":{"bucket":"gcf-v2-sources-164845165625-us-central1","object":"sendEmail/function-source.zip","generation":"1696828221039732"}},"environmentVariables":{"GOOGLE_NODE_RUN_SCRIPTS":""},"sourceProvenance":{"resolvedStorageSource":{"bucket":"gcf-v2-sources-164845165625-us-central1","object":"sendEmail/function-source.zip","generation":"1696827875528566"}},"dockerRegistry":"ARTIFACT_REGISTRY"},"serviceConfig":{"service":"projects/ayuda-b2079/locations/us-central1/services/sendemail","timeoutSeconds":60,"environmentVariables":{"RESEND_API_KEY":"re_PR6C2YML_X9KEahBcZKuZbBLZz8DNYar3","FIREBASE_CONFIG":"{\"projectId\":\"ayuda-b2079\",\"databaseURL\":\"https://ayuda-b2079.firebaseio.com\",\"storageBucket\":\"ayuda-b2079.appspot.com\",\"locationId\":\"us-central\"}","GCLOUD_PROJECT":"ayuda-b2079","EVENTARC_CLOUD_EVENT_SOURCE":"projects/ayuda-b2079/locations/us-central1/services/sendEmail"},"maxInstanceCount":100,"ingressSettings":"ALLOW_ALL","uri":"https://sendemail-meebfzgspq-uc.a.run.app","serviceAccountEmail":"164845165625-compute@developer.gserviceaccount.com","availableMemory":"256Mi","allTrafficOnLatestRevision":true,"revision":"sendemail-00018-fum","maxInstanceRequestConcurrency":80,"availableCpu":"1"},"state":"ACTIVE","labels":{"deployment-tool":"cli-firebase","deployment-callable":"true","firebase-functions-hash":"ad64f9ae3818c2099e5c4c7e32c93169d20ea524"},"environment":"GEN_2","url":"https://us-central1-ayuda-b2079.cloudfunctions.net/sendEmail"},"stages":[{"name":"BUILD","message":"Build in progress","state":"IN_PROGRESS","resource":"projects/164845165625/locations/us-central1/builds/b6cdb01b-c22a-4827-919a-554124bb19a7","resourceUri":"https://console.cloud.google.com/cloud-build/builds;region=us-central1/b6cdb01b-c22a-4827-919a-554124bb19a7?project=164845165625"},{"name":"SERVICE","state":"NOT_STARTED"}]},"done":false}
[debug] [2023-10-09T05:10:25.472Z] <<< [apiv2][status] GET https://cloudfunctions.googleapis.com/v2/projects/ayuda-b2079/locations/us-central1/operations/operation-1696828220322-607419b5133aa-4fd6b32e-2d9e3038 200
[debug] [2023-10-09T05:10:25.472Z] <<< [apiv2][body] GET https://cloudfunctions.googleapis.com/v2/projects/ayuda-b2079/locations/us-central1/operations/operation-1696828220322-607419b5133aa-4fd6b32e-2d9e3038 {"name":"projects/ayuda-b2079/locations/us-central1/operations/operation-1696828220322-607419b5133aa-4fd6b32e-2d9e3038","metadata":{"@type":"type.googleapis.com/google.cloud.functions.v2.OperationMetadata","createTime":"2023-10-09T05:10:21.090939237Z","target":"projects/ayuda-b2079/locations/us-central1/functions/deleleAccount","verb":"update","cancelRequested":false,"apiVersion":"v2","requestResource":{"@type":"type.googleapis.com/google.cloud.functions.v2.Function","name":"projects/ayuda-b2079/locations/us-central1/functions/deleleAccount","buildConfig":{"runtime":"nodejs18","entryPoint":"deleleAccount","source":{"storageSource":{"bucket":"gcf-v2-sources-164845165625-us-central1","object":"deleleAccount/function-source.zip","generation":"1696828221041037"}},"environmentVariables":{"GOOGLE_NODE_RUN_SCRIPTS":""},"sourceProvenance":{"resolvedStorageSource":{"bucket":"gcf-v2-sources-164845165625-us-central1","object":"deleleAccount/function-source.zip","generation":"1696827875524920"}},"dockerRegistry":"ARTIFACT_REGISTRY"},"serviceConfig":{"service":"projects/ayuda-b2079/locations/us-central1/services/deleleaccount","timeoutSeconds":60,"environmentVariables":{"RESEND_API_KEY":"re_PR6C2YML_X9KEahBcZKuZbBLZz8DNYar3","FIREBASE_CONFIG":"{\"projectId\":\"ayuda-b2079\",\"databaseURL\":\"https://ayuda-b2079.firebaseio.com\",\"storageBucket\":\"ayuda-b2079.appspot.com\",\"locationId\":\"us-central\"}","GCLOUD_PROJECT":"ayuda-b2079","EVENTARC_CLOUD_EVENT_SOURCE":"projects/ayuda-b2079/locations/us-central1/services/deleleAccount"},"maxInstanceCount":100,"ingressSettings":"ALLOW_ALL","uri":"https://deleleaccount-meebfzgspq-uc.a.run.app","serviceAccountEmail":"164845165625-compute@developer.gserviceaccount.com","availableMemory":"256Mi","allTrafficOnLatestRevision":true,"revision":"deleleaccount-00014-sal","maxInstanceRequestConcurrency":80,"availableCpu":"1"},"state":"ACTIVE","labels":{"deployment-tool":"cli-firebase","deployment-callable":"true","firebase-functions-hash":"ad64f9ae3818c2099e5c4c7e32c93169d20ea524"},"environment":"GEN_2","url":"https://us-central1-ayuda-b2079.cloudfunctions.net/deleleAccount"},"stages":[{"name":"BUILD","message":"Build in progress","state":"IN_PROGRESS","resource":"projects/164845165625/locations/us-central1/builds/4b4628ea-6fd4-4823-94d8-1ede128d0eee","resourceUri":"https://console.cloud.google.com/cloud-build/builds;region=us-central1/4b4628ea-6fd4-4823-94d8-1ede128d0eee?project=164845165625"},{"name":"SERVICE","state":"NOT_STARTED"}]},"done":false}
[debug] [2023-10-09T05:10:29.441Z] [update-default-us-central1-sendEmail] Retrying task index 0
[debug] [2023-10-09T05:10:29.443Z] >>> [apiv2][query] GET https://cloudfunctions.googleapis.com/v2/projects/ayuda-b2079/locations/us-central1/operations/operation-1696828220334-607419b51632c-9f216bca-6eda6bf7 [none]
[debug] [2023-10-09T05:10:29.473Z] [update-default-us-central1-deleleAccount] Retrying task index 0
[debug] [2023-10-09T05:10:29.473Z] >>> [apiv2][query] GET https://cloudfunctions.googleapis.com/v2/projects/ayuda-b2079/locations/us-central1/operations/operation-1696828220322-607419b5133aa-4fd6b32e-2d9e3038 [none]
[debug] [2023-10-09T05:10:29.635Z] <<< [apiv2][status] GET https://cloudfunctions.googleapis.com/v2/projects/ayuda-b2079/locations/us-central1/operations/operation-1696828220334-607419b51632c-9f216bca-6eda6bf7 200
[debug] [2023-10-09T05:10:29.635Z] <<< [apiv2][body] GET https://cloudfunctions.googleapis.com/v2/projects/ayuda-b2079/locations/us-central1/operations/operation-1696828220334-607419b51632c-9f216bca-6eda6bf7 {"name":"projects/ayuda-b2079/locations/us-central1/operations/operation-1696828220334-607419b51632c-9f216bca-6eda6bf7","metadata":{"@type":"type.googleapis.com/google.cloud.functions.v2.OperationMetadata","createTime":"2023-10-09T05:10:21.080481399Z","target":"projects/ayuda-b2079/locations/us-central1/functions/sendEmail","verb":"update","cancelRequested":false,"apiVersion":"v2","requestResource":{"@type":"type.googleapis.com/google.cloud.functions.v2.Function","name":"projects/ayuda-b2079/locations/us-central1/functions/sendEmail","buildConfig":{"runtime":"nodejs18","entryPoint":"sendEmail","source":{"storageSource":{"bucket":"gcf-v2-sources-164845165625-us-central1","object":"sendEmail/function-source.zip","generation":"1696828221039732"}},"environmentVariables":{"GOOGLE_NODE_RUN_SCRIPTS":""},"sourceProvenance":{"resolvedStorageSource":{"bucket":"gcf-v2-sources-164845165625-us-central1","object":"sendEmail/function-source.zip","generation":"1696827875528566"}},"dockerRegistry":"ARTIFACT_REGISTRY"},"serviceConfig":{"service":"projects/ayuda-b2079/locations/us-central1/services/sendemail","timeoutSeconds":60,"environmentVariables":{"RESEND_API_KEY":"re_PR6C2YML_X9KEahBcZKuZbBLZz8DNYar3","FIREBASE_CONFIG":"{\"projectId\":\"ayuda-b2079\",\"databaseURL\":\"https://ayuda-b2079.firebaseio.com\",\"storageBucket\":\"ayuda-b2079.appspot.com\",\"locationId\":\"us-central\"}","GCLOUD_PROJECT":"ayuda-b2079","EVENTARC_CLOUD_EVENT_SOURCE":"projects/ayuda-b2079/locations/us-central1/services/sendEmail"},"maxInstanceCount":100,"ingressSettings":"ALLOW_ALL","uri":"https://sendemail-meebfzgspq-uc.a.run.app","serviceAccountEmail":"164845165625-compute@developer.gserviceaccount.com","availableMemory":"256Mi","allTrafficOnLatestRevision":true,"revision":"sendemail-00018-fum","maxInstanceRequestConcurrency":80,"availableCpu":"1"},"state":"ACTIVE","labels":{"deployment-tool":"cli-firebase","deployment-callable":"true","firebase-functions-hash":"ad64f9ae3818c2099e5c4c7e32c93169d20ea524"},"environment":"GEN_2","url":"https://us-central1-ayuda-b2079.cloudfunctions.net/sendEmail"},"stages":[{"name":"BUILD","message":"Build in progress","state":"IN_PROGRESS","resource":"projects/164845165625/locations/us-central1/builds/b6cdb01b-c22a-4827-919a-554124bb19a7","resourceUri":"https://console.cloud.google.com/cloud-build/builds;region=us-central1/b6cdb01b-c22a-4827-919a-554124bb19a7?project=164845165625"},{"name":"SERVICE","state":"NOT_STARTED"}]},"done":false}
[debug] [2023-10-09T05:10:29.674Z] <<< [apiv2][status] GET https://cloudfunctions.googleapis.com/v2/projects/ayuda-b2079/locations/us-central1/operations/operation-1696828220322-607419b5133aa-4fd6b32e-2d9e3038 200
[debug] [2023-10-09T05:10:29.674Z] <<< [apiv2][body] GET https://cloudfunctions.googleapis.com/v2/projects/ayuda-b2079/locations/us-central1/operations/operation-1696828220322-607419b5133aa-4fd6b32e-2d9e3038 {"name":"projects/ayuda-b2079/locations/us-central1/operations/operation-1696828220322-607419b5133aa-4fd6b32e-2d9e3038","metadata":{"@type":"type.googleapis.com/google.cloud.functions.v2.OperationMetadata","createTime":"2023-10-09T05:10:21.090939237Z","target":"projects/ayuda-b2079/locations/us-central1/functions/deleleAccount","verb":"update","cancelRequested":false,"apiVersion":"v2","requestResource":{"@type":"type.googleapis.com/google.cloud.functions.v2.Function","name":"projects/ayuda-b2079/locations/us-central1/functions/deleleAccount","buildConfig":{"runtime":"nodejs18","entryPoint":"deleleAccount","source":{"storageSource":{"bucket":"gcf-v2-sources-164845165625-us-central1","object":"deleleAccount/function-source.zip","generation":"1696828221041037"}},"environmentVariables":{"GOOGLE_NODE_RUN_SCRIPTS":""},"sourceProvenance":{"resolvedStorageSource":{"bucket":"gcf-v2-sources-164845165625-us-central1","object":"deleleAccount/function-source.zip","generation":"1696827875524920"}},"dockerRegistry":"ARTIFACT_REGISTRY"},"serviceConfig":{"service":"projects/ayuda-b2079/locations/us-central1/services/deleleaccount","timeoutSeconds":60,"environmentVariables":{"RESEND_API_KEY":"re_PR6C2YML_X9KEahBcZKuZbBLZz8DNYar3","FIREBASE_CONFIG":"{\"projectId\":\"ayuda-b2079\",\"databaseURL\":\"https://ayuda-b2079.firebaseio.com\",\"storageBucket\":\"ayuda-b2079.appspot.com\",\"locationId\":\"us-central\"}","GCLOUD_PROJECT":"ayuda-b2079","EVENTARC_CLOUD_EVENT_SOURCE":"projects/ayuda-b2079/locations/us-central1/services/deleleAccount"},"maxInstanceCount":100,"ingressSettings":"ALLOW_ALL","uri":"https://deleleaccount-meebfzgspq-uc.a.run.app","serviceAccountEmail":"164845165625-compute@developer.gserviceaccount.com","availableMemory":"256Mi","allTrafficOnLatestRevision":true,"revision":"deleleaccount-00014-sal","maxInstanceRequestConcurrency":80,"availableCpu":"1"},"state":"ACTIVE","labels":{"deployment-tool":"cli-firebase","deployment-callable":"true","firebase-functions-hash":"ad64f9ae3818c2099e5c4c7e32c93169d20ea524"},"environment":"GEN_2","url":"https://us-central1-ayuda-b2079.cloudfunctions.net/deleleAccount"},"stages":[{"name":"BUILD","message":"Build in progress","state":"IN_PROGRESS","resource":"projects/164845165625/locations/us-central1/builds/4b4628ea-6fd4-4823-94d8-1ede128d0eee","resourceUri":"https://console.cloud.google.com/cloud-build/builds;region=us-central1/4b4628ea-6fd4-4823-94d8-1ede128d0eee?project=164845165625"},{"name":"SERVICE","state":"NOT_STARTED"}]},"done":false}
